2016-10-24 22:30:58.299+0000 INFO  [o.n.k.i.f.CommunityFacadeFactory] No locking implementation specified, defaulting to 'community'
2016-10-24 22:30:58.362+0000 INFO  [o.n.k.AvailabilityGuard] Requirement makes database unavailable: Database available
2016-10-24 22:30:58.432+0000 INFO  [o.n.k.i.DiagnosticsManager] --- INITIALIZED diagnostics START ---
2016-10-24 22:30:58.433+0000 INFO  [o.n.k.i.DiagnosticsManager] Neo4j Kernel properties:
2016-10-24 22:30:58.433+0000 INFO  [o.n.k.i.DiagnosticsManager] dbms.connector.http.enabled=true
2016-10-24 22:30:58.433+0000 INFO  [o.n.k.i.DiagnosticsManager] dbms.security.auth_enabled=false
2016-10-24 22:30:58.433+0000 INFO  [o.n.k.i.DiagnosticsManager] dbms.connector.bolt.type=BOLT
2016-10-24 22:30:58.433+0000 INFO  [o.n.k.i.DiagnosticsManager] unsupported.dbms.directories.neo4j_home=/home/trung/Desktop/vci/vci/db/neo4j/development
2016-10-24 22:30:58.433+0000 INFO  [o.n.k.i.DiagnosticsManager] dbms.directories.import=import
2016-10-24 22:30:58.433+0000 INFO  [o.n.k.i.DiagnosticsManager] dbms.connector.bolt.tls_level=OPTIONAL
2016-10-24 22:30:58.433+0000 INFO  [o.n.k.i.DiagnosticsManager] dbms.shell.enabled=true
2016-10-24 22:30:58.434+0000 INFO  [o.n.k.i.DiagnosticsManager] dbms.connector.https.address=localhost:7473
2016-10-24 22:30:58.434+0000 INFO  [o.n.k.i.DiagnosticsManager] dbms.connector.https.enabled=false
2016-10-24 22:30:58.434+0000 INFO  [o.n.k.i.DiagnosticsManager] dbms.connector.http.type=HTTP
2016-10-24 22:30:58.434+0000 INFO  [o.n.k.i.DiagnosticsManager] dbms.connector.https.encryption=TLS
2016-10-24 22:30:58.434+0000 INFO  [o.n.k.i.DiagnosticsManager] dbms.connector.https.type=HTTP
2016-10-24 22:30:58.434+0000 INFO  [o.n.k.i.DiagnosticsManager] unsupported.dbms.security.auth_store.location=data/dbms/auth
2016-10-24 22:30:58.434+0000 INFO  [o.n.k.i.DiagnosticsManager] unsupported.dbms.edition=community
2016-10-24 22:30:58.434+0000 INFO  [o.n.k.i.DiagnosticsManager] dbms.connector.bolt.address=localhost:7472
2016-10-24 22:30:58.435+0000 INFO  [o.n.k.i.DiagnosticsManager] dbms.connector.http.address=localhost:7474
2016-10-24 22:30:58.435+0000 INFO  [o.n.k.i.DiagnosticsManager] dbms.connector.bolt.enabled=true
2016-10-24 22:30:58.435+0000 INFO  [o.n.k.i.DiagnosticsManager] Diagnostics providers:
2016-10-24 22:30:58.435+0000 INFO  [o.n.k.i.DiagnosticsManager] org.neo4j.kernel.configuration.Config
2016-10-24 22:30:58.435+0000 INFO  [o.n.k.i.DiagnosticsManager] org.neo4j.kernel.info.DiagnosticsManager
2016-10-24 22:30:58.435+0000 INFO  [o.n.k.i.DiagnosticsManager] SYSTEM_MEMORY
2016-10-24 22:30:58.435+0000 INFO  [o.n.k.i.DiagnosticsManager] JAVA_MEMORY
2016-10-24 22:30:58.435+0000 INFO  [o.n.k.i.DiagnosticsManager] OPERATING_SYSTEM
2016-10-24 22:30:58.435+0000 INFO  [o.n.k.i.DiagnosticsManager] JAVA_VIRTUAL_MACHINE
2016-10-24 22:30:58.435+0000 INFO  [o.n.k.i.DiagnosticsManager] CLASSPATH
2016-10-24 22:30:58.435+0000 INFO  [o.n.k.i.DiagnosticsManager] LIBRARY_PATH
2016-10-24 22:30:58.435+0000 INFO  [o.n.k.i.DiagnosticsManager] SYSTEM_PROPERTIES
2016-10-24 22:30:58.435+0000 INFO  [o.n.k.i.DiagnosticsManager] LINUX_SCHEDULERS
2016-10-24 22:30:58.436+0000 INFO  [o.n.k.i.DiagnosticsManager] NETWORK
2016-10-24 22:30:58.436+0000 INFO  [o.n.k.i.DiagnosticsManager] System memory information:
2016-10-24 22:30:58.448+0000 INFO  [o.n.k.i.DiagnosticsManager] Total Physical memory: 3.72 GB
2016-10-24 22:30:58.448+0000 INFO  [o.n.k.i.DiagnosticsManager] Free Physical memory: 196.56 MB
2016-10-24 22:30:58.448+0000 INFO  [o.n.k.i.DiagnosticsManager] Committed virtual memory: 4.37 GB
2016-10-24 22:30:58.449+0000 INFO  [o.n.k.i.DiagnosticsManager] Total swap space: 7.63 GB
2016-10-24 22:30:58.449+0000 INFO  [o.n.k.i.DiagnosticsManager] Free swap space: 6.39 GB
2016-10-24 22:30:58.449+0000 INFO  [o.n.k.i.DiagnosticsManager] JVM memory information:
2016-10-24 22:30:58.449+0000 INFO  [o.n.k.i.DiagnosticsManager] Free  memory: 34.74 MB
2016-10-24 22:30:58.449+0000 INFO  [o.n.k.i.DiagnosticsManager] Total memory: 60.00 MB
2016-10-24 22:30:58.449+0000 INFO  [o.n.k.i.DiagnosticsManager] Max   memory: 954.00 MB
2016-10-24 22:30:58.475+0000 INFO  [o.n.k.i.DiagnosticsManager] Garbage Collector: G1 Young Generation: [G1 Eden Space, G1 Survivor Space]
2016-10-24 22:30:58.475+0000 INFO  [o.n.k.i.DiagnosticsManager] Garbage Collector: G1 Old Generation: [G1 Eden Space, G1 Survivor Space, G1 Old Gen]
2016-10-24 22:30:58.476+0000 INFO  [o.n.k.i.DiagnosticsManager] Memory Pool: Code Cache (Non-heap memory): committed=3.50 MB, used=3.49 MB, max=240.00 MB, threshold=0.00 B
2016-10-24 22:30:58.476+0000 INFO  [o.n.k.i.DiagnosticsManager] Memory Pool: Metaspace (Non-heap memory): committed=10.38 MB, used=9.98 MB, max=-1.00 B, threshold=0.00 B
2016-10-24 22:30:58.477+0000 INFO  [o.n.k.i.DiagnosticsManager] Memory Pool: Compressed Class Space (Non-heap memory): committed=1.38 MB, used=1.25 MB, max=1.00 GB, threshold=0.00 B
2016-10-24 22:30:58.477+0000 INFO  [o.n.k.i.DiagnosticsManager] Memory Pool: G1 Eden Space (Heap memory): committed=35.00 MB, used=19.00 MB, max=-1.00 B, threshold=?
2016-10-24 22:30:58.477+0000 INFO  [o.n.k.i.DiagnosticsManager] Memory Pool: G1 Survivor Space (Heap memory): committed=3.00 MB, used=3.00 MB, max=-1.00 B, threshold=?
2016-10-24 22:30:58.478+0000 INFO  [o.n.k.i.DiagnosticsManager] Memory Pool: G1 Old Gen (Heap memory): committed=22.00 MB, used=2.26 MB, max=954.00 MB, threshold=0.00 B
2016-10-24 22:30:58.478+0000 INFO  [o.n.k.i.DiagnosticsManager] Operating system information:
2016-10-24 22:30:58.478+0000 INFO  [o.n.k.i.DiagnosticsManager] Operating System: Linux; version: 4.4.0-45-generic; arch: amd64; cpus: 8
2016-10-24 22:30:58.478+0000 INFO  [o.n.k.i.DiagnosticsManager] Max number of file descriptors: 65536
2016-10-24 22:30:58.478+0000 INFO  [o.n.k.i.DiagnosticsManager] Number of open file descriptors: 96
2016-10-24 22:30:58.500+0000 INFO  [o.n.k.i.DiagnosticsManager] Process id: 24356@trung-HP-Pavilion-m4-Notebook-PC
2016-10-24 22:30:58.500+0000 INFO  [o.n.k.i.DiagnosticsManager] Byte order: LITTLE_ENDIAN
2016-10-24 22:30:58.500+0000 INFO  [o.n.k.i.DiagnosticsManager] Local timezone: Asia/Ho_Chi_Minh
2016-10-24 22:30:58.501+0000 INFO  [o.n.k.i.DiagnosticsManager] JVM information:
2016-10-24 22:30:58.501+0000 INFO  [o.n.k.i.DiagnosticsManager] VM Name: OpenJDK 64-Bit Server VM
2016-10-24 22:30:58.501+0000 INFO  [o.n.k.i.DiagnosticsManager] VM Vendor: Oracle Corporation
2016-10-24 22:30:58.501+0000 INFO  [o.n.k.i.DiagnosticsManager] VM Version: 25.91-b14
2016-10-24 22:30:58.507+0000 INFO  [o.n.k.i.DiagnosticsManager] JIT compiler: HotSpot 64-Bit Tiered Compilers
2016-10-24 22:30:58.508+0000 INFO  [o.n.k.i.DiagnosticsManager] VM Arguments: [-XX:+UseG1GC, -XX:-OmitStackTraceInFastThrow, -XX:hashCode=5, -XX:+AlwaysPreTouch, -XX:+UnlockExperimentalVMOptions, -XX:+TrustFinalNonStaticFields, -XX:+DisableExplicitGC, -Djdk.tls.ephemeralDHKeySize=2048, -Dunsupported.dbms.udc.source=tarball, -Dfile.encoding=UTF-8]
2016-10-24 22:30:58.508+0000 INFO  [o.n.k.i.DiagnosticsManager] Java classpath:
2016-10-24 22:30:58.510+0000 INFO  [o.n.k.i.DiagnosticsManager]  [bootstrap] /usr/lib/jvm/java-8-openjdk-amd64/jre/lib/jce.jar
2016-10-24 22:30:58.510+0000 INFO  [o.n.k.i.DiagnosticsManager]  [classpath + loader.0] file:/home/trung/Desktop/vci/vci/db/neo4j/development/lib/neo4j-csv-3.0.6.jar
2016-10-24 22:30:58.511+0000 INFO  [o.n.k.i.DiagnosticsManager]  [classpath + loader.0] file:/home/trung/Desktop/vci/vci/db/neo4j/development/lib/neo4j-security-3.0.6.jar
2016-10-24 22:30:58.511+0000 INFO  [o.n.k.i.DiagnosticsManager]  [classpath + loader.0] file:/home/trung/Desktop/vci/vci/db/neo4j/development/lib/lucene-analyzers-common-5.5.0.jar
2016-10-24 22:30:58.511+0000 INFO  [o.n.k.i.DiagnosticsManager]  [classpath + loader.0] file:/home/trung/Desktop/vci/vci/db/neo4j/development/lib/neo4j-logging-3.0.6.jar
2016-10-24 22:30:58.511+0000 INFO  [o.n.k.i.DiagnosticsManager]  [classpath + loader.0] file:/home/trung/Desktop/vci/vci/db/neo4j/development/lib/jetty-util-9.2.9.v20150224.jar
2016-10-24 22:30:58.511+0000 INFO  [o.n.k.i.DiagnosticsManager]  [classpath + loader.0] file:/home/trung/Desktop/vci/vci/db/neo4j/development/lib/neo4j-command-line-3.0.6.jar
2016-10-24 22:30:58.511+0000 INFO  [o.n.k.i.DiagnosticsManager]  [loader.1] file:/usr/lib/jvm/java-8-openjdk-amd64/jre/lib/ext/nashorn.jar
2016-10-24 22:30:58.511+0000 INFO  [o.n.k.i.DiagnosticsManager]  [loader.1] file:/usr/lib/jvm/java-8-openjdk-amd64/jre/lib/ext/icedtea-sound.jar
2016-10-24 22:30:58.511+0000 INFO  [o.n.k.i.DiagnosticsManager]  [classpath + loader.0] file:/home/trung/Desktop/vci/vci/db/neo4j/development/lib/neo4j-cypher-frontend-3.0-3.0.6.jar
2016-10-24 22:30:58.511+0000 INFO  [o.n.k.i.DiagnosticsManager]  [classpath + loader.0] file:/home/trung/Desktop/vci/vci/db/neo4j/development/lib/jsr311-api-1.1.2.r612.jar
2016-10-24 22:30:58.511+0000 INFO  [o.n.k.i.DiagnosticsManager]  [classpath + loader.0] file:/home/trung/Desktop/vci/vci/db/neo4j/development/lib/javax.servlet-api-3.1.0.jar
2016-10-24 22:30:58.511+0000 INFO  [o.n.k.i.DiagnosticsManager]  [loader.1] file:/usr/lib/jvm/java-8-openjdk-amd64/jre/lib/ext/sunjce_provider.jar
2016-10-24 22:30:58.511+0000 INFO  [o.n.k.i.DiagnosticsManager]  [classpath + loader.0] file:/home/trung/Desktop/vci/vci/db/neo4j/development/lib/jetty-http-9.2.9.v20150224.jar
2016-10-24 22:30:58.511+0000 INFO  [o.n.k.i.DiagnosticsManager]  [classpath + loader.0] file:/home/trung/Desktop/vci/vci/db/neo4j/development/lib/commons-lang-2.6.jar
2016-10-24 22:30:58.511+0000 INFO  [o.n.k.i.DiagnosticsManager]  [classpath + loader.0] file:/home/trung/Desktop/vci/vci/db/neo4j/development/lib/neo4j-primitive-collections-3.0.6.jar
2016-10-24 22:30:58.511+0000 INFO  [o.n.k.i.DiagnosticsManager]  [classpath + loader.0] file:/home/trung/Desktop/vci/vci/db/neo4j/development/lib/opencsv-2.3.jar
2016-10-24 22:30:58.511+0000 INFO  [o.n.k.i.DiagnosticsManager]  [classpath + loader.0] file:/home/trung/Desktop/vci/vci/db/neo4j/development/lib/jackson-core-asl-1.9.13.jar
2016-10-24 22:30:58.511+0000 INFO  [o.n.k.i.DiagnosticsManager]  [bootstrap] /usr/lib/jvm/java-8-openjdk-amd64/jre/lib/sunrsasign.jar
2016-10-24 22:30:58.511+0000 INFO  [o.n.k.i.DiagnosticsManager]  [classpath + loader.0] file:/home/trung/Desktop/vci/vci/db/neo4j/development/lib/server-api-3.0.6.jar
2016-10-24 22:30:58.511+0000 INFO  [o.n.k.i.DiagnosticsManager]  [classpath + loader.0] file:/home/trung/Desktop/vci/vci/db/neo4j/development/plugins/*
2016-10-24 22:30:58.511+0000 INFO  [o.n.k.i.DiagnosticsManager]  [classpath + loader.0] file:/home/trung/Desktop/vci/vci/db/neo4j/development/lib/mimepull-1.9.3.jar
2016-10-24 22:30:58.511+0000 INFO  [o.n.k.i.DiagnosticsManager]  [classpath + loader.0] file:/home/trung/Desktop/vci/vci/db/neo4j/development/lib/neo4j-io-3.0.6.jar
2016-10-24 22:30:58.511+0000 INFO  [o.n.k.i.DiagnosticsManager]  [classpath + loader.0] file:/home/trung/Desktop/vci/vci/db/neo4j/development/lib/jetty-io-9.2.9.v20150224.jar
2016-10-24 22:30:58.511+0000 INFO  [o.n.k.i.DiagnosticsManager]  [classpath + loader.0] file:/home/trung/Desktop/vci/vci/db/neo4j/development/lib/commons-configuration-1.10.jar
2016-10-24 22:30:58.511+0000 INFO  [o.n.k.i.DiagnosticsManager]  [classpath + loader.0] file:/home/trung/Desktop/vci/vci/db/neo4j/development/lib/neo4j-cypher-3.0.6.jar
2016-10-24 22:30:58.512+0000 INFO  [o.n.k.i.DiagnosticsManager]  [classpath + loader.0] file:/home/trung/Desktop/vci/vci/db/neo4j/development/lib/neo4j-graph-matching-3.0.6.jar
2016-10-24 22:30:58.512+0000 INFO  [o.n.k.i.DiagnosticsManager]  [classpath + loader.0] file:/home/trung/Desktop/vci/vci/db/neo4j/development/lib/neo4j-jmx-3.0.6.jar
2016-10-24 22:30:58.512+0000 INFO  [o.n.k.i.DiagnosticsManager]  [classpath + loader.0] file:/home/trung/Desktop/vci/vci/db/neo4j/development/lib/neo4j-udc-3.0.6.jar
2016-10-24 22:30:58.512+0000 INFO  [o.n.k.i.DiagnosticsManager]  [classpath + loader.0] file:/home/trung/Desktop/vci/vci/db/neo4j/development/lib/neo4j-cypher-compiler-3.0-3.0.6.jar
2016-10-24 22:30:58.512+0000 INFO  [o.n.k.i.DiagnosticsManager]  [classpath + loader.0] file:/home/trung/Desktop/vci/vci/db/neo4j/development/lib/neo4j-server-3.0.6.jar
2016-10-24 22:30:58.512+0000 INFO  [o.n.k.i.DiagnosticsManager]  [classpath + loader.0] file:/home/trung/Desktop/vci/vci/db/neo4j/development/lib/lucene-queryparser-5.5.0.jar
2016-10-24 22:30:58.512+0000 INFO  [o.n.k.i.DiagnosticsManager]  [classpath + loader.0] file:/home/trung/Desktop/vci/vci/db/neo4j/development/lib/jetty-webapp-9.2.9.v20150224.jar
2016-10-24 22:30:58.512+0000 INFO  [o.n.k.i.DiagnosticsManager]  [bootstrap] /usr/lib/jvm/java-8-openjdk-amd64/jre/lib/jsse.jar
2016-10-24 22:30:58.512+0000 INFO  [o.n.k.i.DiagnosticsManager]  [classpath + loader.0] file:/home/trung/Desktop/vci/vci/db/neo4j/development/lib/neo4j-graph-algo-3.0.6.jar
2016-10-24 22:30:58.512+0000 INFO  [o.n.k.i.DiagnosticsManager]  [classpath + loader.0] file:/home/trung/Desktop/vci/vci/db/neo4j/development/lib/jackson-jaxrs-1.9.13.jar
2016-10-24 22:30:58.512+0000 INFO  [o.n.k.i.DiagnosticsManager]  [loader.1] file:/usr/lib/jvm/java-8-openjdk-amd64/jre/lib/ext/localedata.jar
2016-10-24 22:30:58.512+0000 INFO  [o.n.k.i.DiagnosticsManager]  [loader.1] file:/usr/lib/jvm/java-8-openjdk-amd64/jre/lib/ext/jaccess.jar
2016-10-24 22:30:58.512+0000 INFO  [o.n.k.i.DiagnosticsManager]  [loader.1] file:/usr/lib/jvm/java-8-openjdk-amd64/jre/lib/ext/sunpkcs11.jar
2016-10-24 22:30:58.512+0000 INFO  [o.n.k.i.DiagnosticsManager]  [classpath + loader.0] file:/home/trung/Desktop/vci/vci/db/neo4j/development/lib/lucene-codecs-5.5.0.jar
2016-10-24 22:30:58.512+0000 INFO  [o.n.k.i.DiagnosticsManager]  [classpath + loader.0] file:/home/trung/Desktop/vci/vci/db/neo4j/development/lib/netty-all-4.0.28.Final.jar
2016-10-24 22:30:58.512+0000 INFO  [o.n.k.i.DiagnosticsManager]  [classpath + loader.0] file:/home/trung/Desktop/vci/vci/db/neo4j/development/lib/neo4j-browser-1.1.8.jar
2016-10-24 22:30:58.512+0000 INFO  [o.n.k.i.DiagnosticsManager]  [classpath + loader.0] file:/home/trung/Desktop/vci/vci/db/neo4j/development/lib/concurrentlinkedhashmap-lru-1.4.2.jar
2016-10-24 22:30:58.512+0000 INFO  [o.n.k.i.DiagnosticsManager]  [loader.1] file:/usr/lib/jvm/java-8-openjdk-amd64/jre/lib/ext/sunec.jar
2016-10-24 22:30:58.512+0000 INFO  [o.n.k.i.DiagnosticsManager]  [bootstrap] /usr/lib/jvm/java-8-openjdk-amd64/jre/lib/jfr.jar
2016-10-24 22:30:58.512+0000 INFO  [o.n.k.i.DiagnosticsManager]  [classpath + loader.0] file:/home/trung/Desktop/vci/vci/db/neo4j/development/conf/
2016-10-24 22:30:58.512+0000 INFO  [o.n.k.i.DiagnosticsManager]  [classpath + loader.0] file:/home/trung/Desktop/vci/vci/db/neo4j/development/lib/neo4j-kernel-3.0.6.jar
2016-10-24 22:30:58.512+0000 INFO  [o.n.k.i.DiagnosticsManager]  [classpath + loader.0] file:/home/trung/Desktop/vci/vci/db/neo4j/development/lib/neo4j-cypher-frontend-2.3-2.3.7.jar
2016-10-24 22:30:58.512+0000 INFO  [o.n.k.i.DiagnosticsManager]  [classpath + loader.0] file:/home/trung/Desktop/vci/vci/db/neo4j/development/lib/lucene-core-5.5.0.jar
2016-10-24 22:30:58.512+0000 INFO  [o.n.k.i.DiagnosticsManager]  [classpath + loader.0] file:/home/trung/Desktop/vci/vci/db/neo4j/development/lib/parboiled-core-1.1.7.jar
2016-10-24 22:30:58.512+0000 INFO  [o.n.k.i.DiagnosticsManager]  [classpath + loader.0] file:/home/trung/Desktop/vci/vci/db/neo4j/development/lib/neo4j-import-tool-3.0.6.jar
2016-10-24 22:30:58.512+0000 INFO  [o.n.k.i.DiagnosticsManager]  [classpath + loader.0] file:/home/trung/Desktop/vci/vci/db/neo4j/development/lib/commons-logging-1.1.1.jar
2016-10-24 22:30:58.512+0000 INFO  [o.n.k.i.DiagnosticsManager]  [loader.1] file:/usr/lib/jvm/java-8-openjdk-amd64/jre/lib/ext/cldrdata.jar
2016-10-24 22:30:58.513+0000 INFO  [o.n.k.i.DiagnosticsManager]  [bootstrap] /usr/lib/jvm/java-8-openjdk-amd64/jre/classes
2016-10-24 22:30:58.513+0000 INFO  [o.n.k.i.DiagnosticsManager]  [classpath + loader.0] file:/home/trung/Desktop/vci/vci/db/neo4j/development/lib/jersey-servlet-1.19.jar
2016-10-24 22:30:58.513+0000 INFO  [o.n.k.i.DiagnosticsManager]  [classpath + loader.0] file:/home/trung/Desktop/vci/vci/db/neo4j/development/lib/scala-library-2.11.8.jar
2016-10-24 22:30:58.513+0000 INFO  [o.n.k.i.DiagnosticsManager]  [classpath + loader.0] file:/home/trung/Desktop/vci/vci/db/neo4j/development/lib/commons-io-2.4.jar
2016-10-24 22:30:58.513+0000 INFO  [o.n.k.i.DiagnosticsManager]  [classpath + loader.0] file:/home/trung/Desktop/vci/vci/db/neo4j/development/lib/bcprov-jdk15on-1.53.jar
2016-10-24 22:30:58.513+0000 INFO  [o.n.k.i.DiagnosticsManager]  [classpath + loader.0] file:/home/trung/Desktop/vci/vci/db/neo4j/development/lib/neo4j-lucene-upgrade-3.0.6.jar
2016-10-24 22:30:58.513+0000 INFO  [o.n.k.i.DiagnosticsManager]  [classpath + loader.0] file:/home/trung/Desktop/vci/vci/db/neo4j/development/lib/jline-2.12.jar
2016-10-24 22:30:58.513+0000 INFO  [o.n.k.i.DiagnosticsManager]  [classpath + loader.0] file:/home/trung/Desktop/vci/vci/db/neo4j/development/lib/neo4j-shell-3.0.6.jar
2016-10-24 22:30:58.513+0000 INFO  [o.n.k.i.DiagnosticsManager]  [classpath + loader.0] file:/home/trung/Desktop/vci/vci/db/neo4j/development/lib/neo4j-graphdb-api-3.0.6.jar
2016-10-24 22:30:58.513+0000 INFO  [o.n.k.i.DiagnosticsManager]  [loader.1] file:/usr/lib/jvm/java-8-openjdk-amd64/jre/lib/ext/zipfs.jar
2016-10-24 22:30:58.513+0000 INFO  [o.n.k.i.DiagnosticsManager]  [classpath + loader.0] file:/home/trung/Desktop/vci/vci/db/neo4j/development/lib/neo4j-consistency-check-3.0.6.jar
2016-10-24 22:30:58.513+0000 INFO  [o.n.k.i.DiagnosticsManager]  [bootstrap] /usr/lib/jvm/java-8-openjdk-amd64/jre/lib/resources.jar
2016-10-24 22:30:58.513+0000 INFO  [o.n.k.i.DiagnosticsManager]  [classpath + loader.0] file:/home/trung/Desktop/vci/vci/db/neo4j/development/lib/jersey-multipart-1.19.jar
2016-10-24 22:30:58.513+0000 INFO  [o.n.k.i.DiagnosticsManager]  [classpath + loader.0] file:/home/trung/Desktop/vci/vci/db/neo4j/development/lib/neo4j-common-3.0.6.jar
2016-10-24 22:30:58.513+0000 INFO  [o.n.k.i.DiagnosticsManager]  [classpath + loader.0] file:/home/trung/Desktop/vci/vci/db/neo4j/development/lib/neo4j-dbms-3.0.6.jar
2016-10-24 22:30:58.513+0000 INFO  [o.n.k.i.DiagnosticsManager]  [classpath + loader.0] file:/home/trung/Desktop/vci/vci/db/neo4j/development/lib/jackson-mapper-asl-1.9.13.jar
2016-10-24 22:30:58.513+0000 INFO  [o.n.k.i.DiagnosticsManager]  [classpath + loader.0] file:/home/trung/Desktop/vci/vci/db/neo4j/development/lib/neo4j-codegen-3.0.6.jar
2016-10-24 22:30:58.513+0000 INFO  [o.n.k.i.DiagnosticsManager]  [classpath + loader.0] file:/home/trung/Desktop/vci/vci/db/neo4j/development/lib/jetty-server-9.2.9.v20150224.jar
2016-10-24 22:30:58.513+0000 INFO  [o.n.k.i.DiagnosticsManager]  [classpath + loader.0] file:/home/trung/Desktop/vci/vci/db/neo4j/development/lib/jetty-xml-9.2.9.v20150224.jar
2016-10-24 22:30:58.513+0000 INFO  [o.n.k.i.DiagnosticsManager]  [classpath + loader.0] file:/home/trung/Desktop/vci/vci/db/neo4j/development/lib/bcpkix-jdk15on-1.53.jar
2016-10-24 22:30:58.513+0000 INFO  [o.n.k.i.DiagnosticsManager]  [classpath + loader.0] file:/home/trung/Desktop/vci/vci/db/neo4j/development/lib/commons-lang3-3.3.2.jar
2016-10-24 22:30:58.513+0000 INFO  [o.n.k.i.DiagnosticsManager]  [classpath + loader.0] file:/home/trung/Desktop/vci/vci/db/neo4j/development/lib/neo4j-resource-3.0.6.jar
2016-10-24 22:30:58.513+0000 INFO  [o.n.k.i.DiagnosticsManager]  [classpath + loader.0] file:/home/trung/Desktop/vci/vci/db/neo4j/development/lib/commons-beanutils-1.8.3.jar
2016-10-24 22:30:58.513+0000 INFO  [o.n.k.i.DiagnosticsManager]  [classpath + loader.0] file:/home/trung/Desktop/vci/vci/db/neo4j/development/lib/jetty-servlet-9.2.9.v20150224.jar
2016-10-24 22:30:58.513+0000 INFO  [o.n.k.i.DiagnosticsManager]  [classpath + loader.0] file:/home/trung/Desktop/vci/vci/db/neo4j/development/lib/neo4j-bolt-3.0.6.jar
2016-10-24 22:30:58.513+0000 INFO  [o.n.k.i.DiagnosticsManager]  [classpath + loader.0] file:/home/trung/Desktop/vci/vci/db/neo4j/development/lib/jersey-server-1.19.jar
2016-10-24 22:30:58.514+0000 INFO  [o.n.k.i.DiagnosticsManager]  [classpath + loader.0] file:/home/trung/Desktop/vci/vci/db/neo4j/development/lib/parboiled-scala_2.11-1.1.7.jar
2016-10-24 22:30:58.514+0000 INFO  [o.n.k.i.DiagnosticsManager]  [loader.1] file:/usr/lib/jvm/java-8-openjdk-amd64/jre/lib/ext/dnsns.jar
2016-10-24 22:30:58.514+0000 INFO  [o.n.k.i.DiagnosticsManager]  [classpath + loader.0] file:/home/trung/Desktop/vci/vci/db/neo4j/development/lib/neo4j-lucene-index-3.0.6.jar
2016-10-24 22:30:58.514+0000 INFO  [o.n.k.i.DiagnosticsManager]  [classpath + loader.0] file:/home/trung/Desktop/vci/vci/db/neo4j/development/plugins/
2016-10-24 22:30:58.514+0000 INFO  [o.n.k.i.DiagnosticsManager]  [classpath + loader.0] file:/home/trung/Desktop/vci/vci/db/neo4j/development/lib/asm-5.0.2.jar
2016-10-24 22:30:58.514+0000 INFO  [o.n.k.i.DiagnosticsManager]  [classpath + loader.0] file:/home/trung/Desktop/vci/vci/db/neo4j/development/lib/commons-digester-2.1.jar
2016-10-24 22:30:58.514+0000 INFO  [o.n.k.i.DiagnosticsManager]  [bootstrap] /usr/lib/jvm/java-8-openjdk-amd64/jre/lib/charsets.jar
2016-10-24 22:30:58.514+0000 INFO  [o.n.k.i.DiagnosticsManager]  [classpath + loader.0] file:/home/trung/Desktop/vci/vci/db/neo4j/development/lib/jetty-security-9.2.9.v20150224.jar
2016-10-24 22:30:58.514+0000 INFO  [o.n.k.i.DiagnosticsManager]  [classpath + loader.0] file:/home/trung/Desktop/vci/vci/db/neo4j/development/lib/jersey-core-1.19.jar
2016-10-24 22:30:58.514+0000 INFO  [o.n.k.i.DiagnosticsManager]  [classpath + loader.0] file:/home/trung/Desktop/vci/vci/db/neo4j/development/lib/neo4j-unsafe-3.0.6.jar
2016-10-24 22:30:58.514+0000 INFO  [o.n.k.i.DiagnosticsManager]  [classpath + loader.0] file:/home/trung/Desktop/vci/vci/db/neo4j/development/lib/neo4j-collections-3.0.6.jar
2016-10-24 22:30:58.514+0000 INFO  [o.n.k.i.DiagnosticsManager]  [classpath + loader.0] file:/home/trung/Desktop/vci/vci/db/neo4j/development/lib/scala-reflect-2.11.8.jar
2016-10-24 22:30:58.514+0000 INFO  [o.n.k.i.DiagnosticsManager]  [classpath + loader.0] file:/home/trung/Desktop/vci/vci/db/neo4j/development/lib/rhino-1.7R4.jar
2016-10-24 22:30:58.514+0000 INFO  [o.n.k.i.DiagnosticsManager]  [bootstrap] /usr/lib/jvm/java-8-openjdk-amd64/jre/lib/rt.jar
2016-10-24 22:30:58.514+0000 INFO  [o.n.k.i.DiagnosticsManager]  [classpath + loader.0] file:/home/trung/Desktop/vci/vci/db/neo4j/development/lib/neo4j-cypher-compiler-2.3-2.3.7.jar
2016-10-24 22:30:58.514+0000 INFO  [o.n.k.i.DiagnosticsManager] Library path:
2016-10-24 22:30:58.514+0000 INFO  [o.n.k.i.DiagnosticsManager] /usr/java/packages/lib/amd64
2016-10-24 22:30:58.514+0000 INFO  [o.n.k.i.DiagnosticsManager] /usr/lib/x86_64-linux-gnu/jni
2016-10-24 22:30:58.514+0000 INFO  [o.n.k.i.DiagnosticsManager] /lib/x86_64-linux-gnu
2016-10-24 22:30:58.514+0000 INFO  [o.n.k.i.DiagnosticsManager] /usr/lib/x86_64-linux-gnu
2016-10-24 22:30:58.514+0000 INFO  [o.n.k.i.DiagnosticsManager] /usr/lib/jni
2016-10-24 22:30:58.515+0000 INFO  [o.n.k.i.DiagnosticsManager] /lib
2016-10-24 22:30:58.515+0000 INFO  [o.n.k.i.DiagnosticsManager] /usr/lib
2016-10-24 22:30:58.515+0000 INFO  [o.n.k.i.DiagnosticsManager] System.properties:
2016-10-24 22:30:58.515+0000 INFO  [o.n.k.i.DiagnosticsManager] sun.boot.library.path = /usr/lib/jvm/java-8-openjdk-amd64/jre/lib/amd64
2016-10-24 22:30:58.515+0000 INFO  [o.n.k.i.DiagnosticsManager] path.separator = :
2016-10-24 22:30:58.515+0000 INFO  [o.n.k.i.DiagnosticsManager] file.encoding.pkg = sun.io
2016-10-24 22:30:58.515+0000 INFO  [o.n.k.i.DiagnosticsManager] user.country = US
2016-10-24 22:30:58.515+0000 INFO  [o.n.k.i.DiagnosticsManager] sun.java.launcher = SUN_STANDARD
2016-10-24 22:30:58.515+0000 INFO  [o.n.k.i.DiagnosticsManager] sun.os.patch.level = unknown
2016-10-24 22:30:58.515+0000 INFO  [o.n.k.i.DiagnosticsManager] user.dir = /home/trung/Desktop/vci/vci
2016-10-24 22:30:58.515+0000 INFO  [o.n.k.i.DiagnosticsManager] sun.jnu.encoding = UTF-8
2016-10-24 22:30:58.515+0000 INFO  [o.n.k.i.DiagnosticsManager] unsupported.dbms.udc.source = tarball
2016-10-24 22:30:58.515+0000 INFO  [o.n.k.i.DiagnosticsManager] sun.management.compiler = HotSpot 64-Bit Tiered Compilers
2016-10-24 22:30:58.515+0000 INFO  [o.n.k.i.DiagnosticsManager] user.home = /home/trung
2016-10-24 22:30:58.515+0000 INFO  [o.n.k.i.DiagnosticsManager] user.timezone = Asia/Ho_Chi_Minh
2016-10-24 22:30:58.515+0000 INFO  [o.n.k.i.DiagnosticsManager] file.encoding = UTF-8
2016-10-24 22:30:58.515+0000 INFO  [o.n.k.i.DiagnosticsManager] user.name = trung
2016-10-24 22:30:58.515+0000 INFO  [o.n.k.i.DiagnosticsManager] sun.java.command = org.neo4j.server.CommunityEntryPoint --home-dir=/home/trung/Desktop/vci/vci/db/neo4j/development --config-dir=/home/trung/Desktop/vci/vci/db/neo4j/development/conf
2016-10-24 22:30:58.516+0000 INFO  [o.n.k.i.DiagnosticsManager] sun.arch.data.model = 64
2016-10-24 22:30:58.516+0000 INFO  [o.n.k.i.DiagnosticsManager] user.language = en
2016-10-24 22:30:58.516+0000 INFO  [o.n.k.i.DiagnosticsManager] awt.toolkit = sun.awt.X11.XToolkit
2016-10-24 22:30:58.516+0000 INFO  [o.n.k.i.DiagnosticsManager] jdk.tls.ephemeralDHKeySize = 2048
2016-10-24 22:30:58.516+0000 INFO  [o.n.k.i.DiagnosticsManager] file.separator = /
2016-10-24 22:30:58.516+0000 INFO  [o.n.k.i.DiagnosticsManager] sun.io.unicode.encoding = UnicodeLittle
2016-10-24 22:30:58.516+0000 INFO  [o.n.k.i.DiagnosticsManager] sun.cpu.endian = little
2016-10-24 22:30:58.516+0000 INFO  [o.n.k.i.DiagnosticsManager] sun.desktop = gnome
2016-10-24 22:30:58.516+0000 INFO  [o.n.k.i.DiagnosticsManager] sun.cpu.isalist = 
2016-10-24 22:30:58.516+0000 INFO  [o.n.k.i.DiagnosticsManager] Linux scheduler information:
2016-10-24 22:30:58.601+0000 INFO  [o.n.k.i.DiagnosticsManager] noop [deadline] cfq 
2016-10-24 22:30:58.602+0000 INFO  [o.n.k.i.DiagnosticsManager] noop [deadline] cfq 
2016-10-24 22:30:58.602+0000 INFO  [o.n.k.i.DiagnosticsManager] none
2016-10-24 22:30:58.602+0000 INFO  [o.n.k.i.DiagnosticsManager] none
2016-10-24 22:30:58.602+0000 INFO  [o.n.k.i.DiagnosticsManager] none
2016-10-24 22:30:58.602+0000 INFO  [o.n.k.i.DiagnosticsManager] none
2016-10-24 22:30:58.603+0000 INFO  [o.n.k.i.DiagnosticsManager] none
2016-10-24 22:30:58.603+0000 INFO  [o.n.k.i.DiagnosticsManager] none
2016-10-24 22:30:58.603+0000 INFO  [o.n.k.i.DiagnosticsManager] none
2016-10-24 22:30:58.603+0000 INFO  [o.n.k.i.DiagnosticsManager] none
2016-10-24 22:30:58.604+0000 INFO  [o.n.k.i.DiagnosticsManager] none
2016-10-24 22:30:58.604+0000 INFO  [o.n.k.i.DiagnosticsManager] none
2016-10-24 22:30:58.604+0000 INFO  [o.n.k.i.DiagnosticsManager] none
2016-10-24 22:30:58.604+0000 INFO  [o.n.k.i.DiagnosticsManager] none
2016-10-24 22:30:58.605+0000 INFO  [o.n.k.i.DiagnosticsManager] none
2016-10-24 22:30:58.605+0000 INFO  [o.n.k.i.DiagnosticsManager] none
2016-10-24 22:30:58.605+0000 INFO  [o.n.k.i.DiagnosticsManager] none
2016-10-24 22:30:58.605+0000 INFO  [o.n.k.i.DiagnosticsManager] none
2016-10-24 22:30:58.606+0000 INFO  [o.n.k.i.DiagnosticsManager] none
2016-10-24 22:30:58.606+0000 INFO  [o.n.k.i.DiagnosticsManager] none
2016-10-24 22:30:58.606+0000 INFO  [o.n.k.i.DiagnosticsManager] none
2016-10-24 22:30:58.607+0000 INFO  [o.n.k.i.DiagnosticsManager] none
2016-10-24 22:30:58.607+0000 INFO  [o.n.k.i.DiagnosticsManager] none
2016-10-24 22:30:58.607+0000 INFO  [o.n.k.i.DiagnosticsManager] none
2016-10-24 22:30:58.607+0000 INFO  [o.n.k.i.DiagnosticsManager] none
2016-10-24 22:30:58.608+0000 INFO  [o.n.k.i.DiagnosticsManager] none
2016-10-24 22:30:58.608+0000 INFO  [o.n.k.i.DiagnosticsManager] Network information:
2016-10-24 22:30:58.621+0000 INFO  [o.n.k.i.DiagnosticsManager] Interface wlo1:
2016-10-24 22:30:58.621+0000 INFO  [o.n.k.i.DiagnosticsManager]     address: fe80:0:0:0:f59e:7d4c:5464:c741%wlo1
2016-10-24 22:30:58.621+0000 INFO  [o.n.k.i.DiagnosticsManager]     address: 192.168.31.105
2016-10-24 22:30:58.621+0000 INFO  [o.n.k.i.DiagnosticsManager] Interface lo:
2016-10-24 22:30:58.622+0000 INFO  [o.n.k.i.DiagnosticsManager]     address: 0:0:0:0:0:0:0:1%lo
2016-10-24 22:30:58.622+0000 INFO  [o.n.k.i.DiagnosticsManager]     address: 127.0.0.1
2016-10-24 22:30:58.622+0000 INFO  [o.n.k.i.DiagnosticsManager] --- INITIALIZED diagnostics END ---
2016-10-24 22:30:58.694+0000 INFO  [o.n.b.v.r.Sessions] No SSL certificate found, generating a self-signed certificate..
2016-10-24 22:31:00.045+0000 INFO  [o.n.b.v.r.Sessions] Bolt Server extension loaded.
2016-10-24 22:31:00.046+0000 INFO  [o.n.b.v.r.Sessions] Bolt enabled on localhost:7472.
2016-10-24 22:31:00.343+0000 INFO  [o.n.k.i.s.f.RecordFormatSelector] Selected format 'RecordFormat:StandardV3_0[v0.A.7]' for the new store
2016-10-24 22:31:01.943+0000 INFO  [o.n.k.a.i.l.LuceneLabelScanStore] No lucene scan store index found, this might just be first use. Preparing to rebuild.
2016-10-24 22:31:02.168+0000 INFO  [o.n.k.NeoStoreDataSource] Opened logical log [/home/trung/Desktop/vci/vci/db/neo4j/development/data/databases/graph.db/neostore.transaction.db.0] version=0, lastTxId=1 (clean)
2016-10-24 22:31:02.175+0000 WARN  [o.n.k.i.s.MetaDataStore] Missing counts store, rebuilding it.
2016-10-24 22:31:02.278+0000 INFO  [o.n.k.a.i.l.LuceneLabelScanStore] Rebuilding lucene scan store, this may take a while
2016-10-24 22:31:02.311+0000 INFO  [o.n.k.a.i.l.LuceneLabelScanStore] Lucene scan store rebuilt (roughly 0 nodes)
2016-10-24 22:31:02.321+0000 INFO  [o.n.k.i.DatabaseHealth] Database health set to OK
2016-10-24 22:31:02.808+0000 INFO  [o.n.k.AvailabilityGuard] Fulfilling of requirement makes database available: Database available
2016-10-24 22:31:02.809+0000 INFO  [o.n.k.i.f.CommunityFacadeFactory] Database is now ready
2016-10-24 22:31:02.810+0000 INFO  [o.n.k.i.DiagnosticsManager] --- STARTED diagnostics for KernelDiagnostics:Versions START ---
2016-10-24 22:31:02.810+0000 INFO  [o.n.k.i.DiagnosticsManager] Graph Database: community single StoreId{creationTime=1477348261780, randomId=-590906706095243759, storeVersion=15531981201765894, upgradeTime=1477348261780, upgradeId=1}
2016-10-24 22:31:02.810+0000 INFO  [o.n.k.i.DiagnosticsManager] Kernel version: 3.0.6,66df41d1018f54ccd67d7d384e87abae0468bcdb
2016-10-24 22:31:02.810+0000 INFO  [o.n.k.i.DiagnosticsManager] --- STARTED diagnostics for KernelDiagnostics:Versions END ---
2016-10-24 22:31:02.811+0000 INFO  [o.n.k.i.DiagnosticsManager] --- STARTED diagnostics for NEO_STORE_VERSIONS START ---
2016-10-24 22:31:02.811+0000 INFO  [o.n.k.i.DiagnosticsManager] Store versions:
2016-10-24 22:31:02.811+0000 INFO  [o.n.k.i.DiagnosticsManager] Store versions:
2016-10-24 22:31:02.811+0000 INFO  [o.n.k.i.DiagnosticsManager]   ArrayPropertyStore v0.A.7
2016-10-24 22:31:02.811+0000 INFO  [o.n.k.i.DiagnosticsManager]   NodeStore v0.A.7
2016-10-24 22:31:02.811+0000 INFO  [o.n.k.i.DiagnosticsManager]   StringPropertyStore v0.A.7
2016-10-24 22:31:02.811+0000 INFO  [o.n.k.i.DiagnosticsManager]   PropertyIndexStore v0.A.7
2016-10-24 22:31:02.811+0000 INFO  [o.n.k.i.DiagnosticsManager]   StringPropertyStore v0.A.7
2016-10-24 22:31:02.811+0000 INFO  [o.n.k.i.DiagnosticsManager]   ArrayPropertyStore v0.A.7
2016-10-24 22:31:02.811+0000 INFO  [o.n.k.i.DiagnosticsManager]   PropertyStore v0.A.7
2016-10-24 22:31:02.812+0000 INFO  [o.n.k.i.DiagnosticsManager]   RelationshipStore v0.A.7
2016-10-24 22:31:02.812+0000 INFO  [o.n.k.i.DiagnosticsManager]   StringPropertyStore v0.A.7
2016-10-24 22:31:02.812+0000 INFO  [o.n.k.i.DiagnosticsManager]   RelationshipTypeStore v0.A.7
2016-10-24 22:31:02.812+0000 INFO  [o.n.k.i.DiagnosticsManager]   StringPropertyStore v0.A.7
2016-10-24 22:31:02.812+0000 INFO  [o.n.k.i.DiagnosticsManager]   LabelTokenStore v0.A.7
2016-10-24 22:31:02.812+0000 INFO  [o.n.k.i.DiagnosticsManager]   SchemaStore v0.A.7
2016-10-24 22:31:02.812+0000 INFO  [o.n.k.i.DiagnosticsManager]   RelationshipGroupStore v0.A.7
2016-10-24 22:31:02.812+0000 INFO  [o.n.k.i.DiagnosticsManager]   NeoStore v0.A.7
2016-10-24 22:31:02.812+0000 INFO  [o.n.k.i.DiagnosticsManager] --- STARTED diagnostics for NEO_STORE_VERSIONS END ---
2016-10-24 22:31:02.812+0000 INFO  [o.n.k.i.DiagnosticsManager] --- STARTED diagnostics for NEO_STORE_ID_USAGE START ---
2016-10-24 22:31:02.812+0000 INFO  [o.n.k.i.DiagnosticsManager] Id usage:
2016-10-24 22:31:02.812+0000 INFO  [o.n.k.i.DiagnosticsManager] Id usage:
2016-10-24 22:31:02.812+0000 INFO  [o.n.k.i.DiagnosticsManager]   ArrayPropertyStore: used=1 high=0
2016-10-24 22:31:02.812+0000 INFO  [o.n.k.i.DiagnosticsManager]   NodeStore: used=0 high=-1
2016-10-24 22:31:02.812+0000 INFO  [o.n.k.i.DiagnosticsManager]   StringPropertyStore: used=1 high=0
2016-10-24 22:31:02.813+0000 INFO  [o.n.k.i.DiagnosticsManager]   PropertyIndexStore: used=0 high=-1
2016-10-24 22:31:02.813+0000 INFO  [o.n.k.i.DiagnosticsManager]   StringPropertyStore: used=1 high=0
2016-10-24 22:31:02.813+0000 INFO  [o.n.k.i.DiagnosticsManager]   ArrayPropertyStore: used=1 high=0
2016-10-24 22:31:02.813+0000 INFO  [o.n.k.i.DiagnosticsManager]   PropertyStore: used=0 high=-1
2016-10-24 22:31:02.813+0000 INFO  [o.n.k.i.DiagnosticsManager]   RelationshipStore: used=0 high=-1
2016-10-24 22:31:02.813+0000 INFO  [o.n.k.i.DiagnosticsManager]   StringPropertyStore: used=1 high=0
2016-10-24 22:31:02.813+0000 INFO  [o.n.k.i.DiagnosticsManager]   RelationshipTypeStore: used=0 high=-1
2016-10-24 22:31:02.813+0000 INFO  [o.n.k.i.DiagnosticsManager]   StringPropertyStore: used=1 high=0
2016-10-24 22:31:02.813+0000 INFO  [o.n.k.i.DiagnosticsManager]   LabelTokenStore: used=0 high=-1
2016-10-24 22:31:02.813+0000 INFO  [o.n.k.i.DiagnosticsManager]   SchemaStore: used=1 high=0
2016-10-24 22:31:02.813+0000 INFO  [o.n.k.i.DiagnosticsManager]   RelationshipGroupStore: used=1 high=0
2016-10-24 22:31:02.813+0000 INFO  [o.n.k.i.DiagnosticsManager]   NeoStore: used=15 high=14
2016-10-24 22:31:02.814+0000 INFO  [o.n.k.i.DiagnosticsManager] --- STARTED diagnostics for NEO_STORE_ID_USAGE END ---
2016-10-24 22:31:02.814+0000 INFO  [o.n.k.i.DiagnosticsManager] --- STARTED diagnostics for NEO_STORE_RECORDS START ---
2016-10-24 22:31:02.814+0000 INFO  [o.n.k.i.DiagnosticsManager] Neostore records:
2016-10-24 22:31:02.814+0000 INFO  [o.n.k.i.DiagnosticsManager] TIME (Creation time): 1477348261780
2016-10-24 22:31:02.815+0000 INFO  [o.n.k.i.DiagnosticsManager] RANDOM_NUMBER (Random number for store id): -590906706095243759
2016-10-24 22:31:02.815+0000 INFO  [o.n.k.i.DiagnosticsManager] LOG_VERSION (Current log version): 0
2016-10-24 22:31:02.815+0000 INFO  [o.n.k.i.DiagnosticsManager] LAST_TRANSACTION_ID (Last committed transaction): 1
2016-10-24 22:31:02.815+0000 INFO  [o.n.k.i.DiagnosticsManager] STORE_VERSION (Store format version): 15531981201765894
2016-10-24 22:31:02.815+0000 INFO  [o.n.k.i.DiagnosticsManager] FIRST_GRAPH_PROPERTY (First property record containing graph properties): -1
2016-10-24 22:31:02.815+0000 INFO  [o.n.k.i.DiagnosticsManager] LAST_CONSTRAINT_TRANSACTION (Last committed transaction containing constraint changes): 0
2016-10-24 22:31:02.815+0000 INFO  [o.n.k.i.DiagnosticsManager] UPGRADE_TRANSACTION_ID (Transaction id most recent upgrade was performed at): 1
2016-10-24 22:31:02.815+0000 INFO  [o.n.k.i.DiagnosticsManager] UPGRADE_TIME (Time of last upgrade): 1477348261780
2016-10-24 22:31:02.815+0000 INFO  [o.n.k.i.DiagnosticsManager] LAST_TRANSACTION_CHECKSUM (Checksum of last committed transaction): 0
2016-10-24 22:31:02.815+0000 INFO  [o.n.k.i.DiagnosticsManager] UPGRADE_TRANSACTION_CHECKSUM (Checksum of transaction id the most recent upgrade was performed at): 0
2016-10-24 22:31:02.815+0000 INFO  [o.n.k.i.DiagnosticsManager] LAST_CLOSED_TRANSACTION_LOG_VERSION (Log version where the last transaction commit entry has been written into): 0
2016-10-24 22:31:02.815+0000 INFO  [o.n.k.i.DiagnosticsManager] LAST_CLOSED_TRANSACTION_LOG_BYTE_OFFSET (Byte offset in the log file where the last transaction commit entry has been written into): 16
2016-10-24 22:31:02.815+0000 INFO  [o.n.k.i.DiagnosticsManager] LAST_TRANSACTION_COMMIT_TIMESTAMP (Commit time timestamp for last committed transaction): 0
2016-10-24 22:31:02.815+0000 INFO  [o.n.k.i.DiagnosticsManager] UPGRADE_TRANSACTION_COMMIT_TIMESTAMP (Commit timestamp of transaction the most recent upgrade was performed at): 0
2016-10-24 22:31:02.815+0000 INFO  [o.n.k.i.DiagnosticsManager] --- STARTED diagnostics for NEO_STORE_RECORDS END ---
2016-10-24 22:31:02.816+0000 INFO  [o.n.k.i.DiagnosticsManager] --- STARTED diagnostics for TRANSACTION_RANGE START ---
2016-10-24 22:31:02.816+0000 INFO  [o.n.k.i.DiagnosticsManager] Transaction log:
2016-10-24 22:31:02.817+0000 INFO  [o.n.k.i.DiagnosticsManager] No transactions found in any log
2016-10-24 22:31:02.817+0000 INFO  [o.n.k.i.DiagnosticsManager] --- STARTED diagnostics for TRANSACTION_RANGE END ---
2016-10-24 22:31:02.817+0000 INFO  [o.n.k.i.DiagnosticsManager] --- STARTED diagnostics for KernelDiagnostics:StoreFiles START ---
2016-10-24 22:31:02.817+0000 INFO  [o.n.k.i.DiagnosticsManager] Disk space on partition (Total / Free / Free %): 23509569536 / 8229453824 / 35
Storage files: (filename : modification date - size)
2016-10-24 22:31:02.818+0000 INFO  [o.n.k.i.DiagnosticsManager]   index:
2016-10-24 22:31:02.818+0000 INFO  [o.n.k.i.DiagnosticsManager]   - Total: 2016-10-25T05:31:01+0700 - 0.00 B
2016-10-24 22:31:02.818+0000 INFO  [o.n.k.i.DiagnosticsManager]   neostore: 2016-10-25T05:31:01+0700 - 8.00 kB
2016-10-24 22:31:02.819+0000 INFO  [o.n.k.i.DiagnosticsManager]   neostore.counts.db.a: 2016-10-25T05:31:02+0700 - 96.00 B
2016-10-24 22:31:02.819+0000 INFO  [o.n.k.i.DiagnosticsManager]   neostore.id: 2016-10-25T05:31:01+0700 - 9.00 B
2016-10-24 22:31:02.819+0000 INFO  [o.n.k.i.DiagnosticsManager]   neostore.labeltokenstore.db: 2016-10-25T05:31:01+0700 - 0.00 B
2016-10-24 22:31:02.819+0000 INFO  [o.n.k.i.DiagnosticsManager]   neostore.labeltokenstore.db.id: 2016-10-25T05:31:01+0700 - 9.00 B
2016-10-24 22:31:02.819+0000 INFO  [o.n.k.i.DiagnosticsManager]   neostore.labeltokenstore.db.names: 2016-10-25T05:31:01+0700 - 8.00 kB
2016-10-24 22:31:02.819+0000 INFO  [o.n.k.i.DiagnosticsManager]   neostore.labeltokenstore.db.names.id: 2016-10-25T05:31:01+0700 - 9.00 B
2016-10-24 22:31:02.819+0000 INFO  [o.n.k.i.DiagnosticsManager]   neostore.nodestore.db: 2016-10-25T05:31:00+0700 - 0.00 B
2016-10-24 22:31:02.820+0000 INFO  [o.n.k.i.DiagnosticsManager]   neostore.nodestore.db.id: 2016-10-25T05:31:00+0700 - 9.00 B
2016-10-24 22:31:02.820+0000 INFO  [o.n.k.i.DiagnosticsManager]   neostore.nodestore.db.labels: 2016-10-25T05:31:00+0700 - 8.00 kB
2016-10-24 22:31:02.820+0000 INFO  [o.n.k.i.DiagnosticsManager]   neostore.nodestore.db.labels.id: 2016-10-25T05:31:00+0700 - 9.00 B
2016-10-24 22:31:02.821+0000 INFO  [o.n.k.i.DiagnosticsManager]   neostore.propertystore.db: 2016-10-25T05:31:00+0700 - 0.00 B
2016-10-24 22:31:02.821+0000 INFO  [o.n.k.i.DiagnosticsManager]   neostore.propertystore.db.arrays: 2016-10-25T05:31:00+0700 - 8.00 kB
2016-10-24 22:31:02.821+0000 INFO  [o.n.k.i.DiagnosticsManager]   neostore.propertystore.db.arrays.id: 2016-10-25T05:31:00+0700 - 9.00 B
2016-10-24 22:31:02.821+0000 INFO  [o.n.k.i.DiagnosticsManager]   neostore.propertystore.db.id: 2016-10-25T05:31:01+0700 - 9.00 B
2016-10-24 22:31:02.821+0000 INFO  [o.n.k.i.DiagnosticsManager]   neostore.propertystore.db.index: 2016-10-25T05:31:00+0700 - 0.00 B
2016-10-24 22:31:02.821+0000 INFO  [o.n.k.i.DiagnosticsManager]   neostore.propertystore.db.index.id: 2016-10-25T05:31:00+0700 - 9.00 B
2016-10-24 22:31:02.821+0000 INFO  [o.n.k.i.DiagnosticsManager]   neostore.propertystore.db.index.keys: 2016-10-25T05:31:00+0700 - 8.00 kB
2016-10-24 22:31:02.822+0000 INFO  [o.n.k.i.DiagnosticsManager]   neostore.propertystore.db.index.keys.id: 2016-10-25T05:31:00+0700 - 9.00 B
2016-10-24 22:31:02.822+0000 INFO  [o.n.k.i.DiagnosticsManager]   neostore.propertystore.db.strings: 2016-10-25T05:31:00+0700 - 8.00 kB
2016-10-24 22:31:02.822+0000 INFO  [o.n.k.i.DiagnosticsManager]   neostore.propertystore.db.strings.id: 2016-10-25T05:31:00+0700 - 9.00 B
2016-10-24 22:31:02.822+0000 INFO  [o.n.k.i.DiagnosticsManager]   neostore.relationshipgroupstore.db: 2016-10-25T05:31:01+0700 - 8.00 kB
2016-10-24 22:31:02.822+0000 INFO  [o.n.k.i.DiagnosticsManager]   neostore.relationshipgroupstore.db.id: 2016-10-25T05:31:01+0700 - 9.00 B
2016-10-24 22:31:02.822+0000 INFO  [o.n.k.i.DiagnosticsManager]   neostore.relationshipstore.db: 2016-10-25T05:31:01+0700 - 0.00 B
2016-10-24 22:31:02.822+0000 INFO  [o.n.k.i.DiagnosticsManager]   neostore.relationshipstore.db.id: 2016-10-25T05:31:01+0700 - 9.00 B
2016-10-24 22:31:02.823+0000 INFO  [o.n.k.i.DiagnosticsManager]   neostore.relationshiptypestore.db: 2016-10-25T05:31:01+0700 - 0.00 B
2016-10-24 22:31:02.823+0000 INFO  [o.n.k.i.DiagnosticsManager]   neostore.relationshiptypestore.db.id: 2016-10-25T05:31:01+0700 - 9.00 B
2016-10-24 22:31:02.823+0000 INFO  [o.n.k.i.DiagnosticsManager]   neostore.relationshiptypestore.db.names: 2016-10-25T05:31:01+0700 - 8.00 kB
2016-10-24 22:31:02.823+0000 INFO  [o.n.k.i.DiagnosticsManager]   neostore.relationshiptypestore.db.names.id: 2016-10-25T05:31:01+0700 - 9.00 B
2016-10-24 22:31:02.824+0000 INFO  [o.n.k.i.DiagnosticsManager]   neostore.schemastore.db: 2016-10-25T05:31:01+0700 - 8.00 kB
2016-10-24 22:31:02.824+0000 INFO  [o.n.k.i.DiagnosticsManager]   neostore.schemastore.db.id: 2016-10-25T05:31:01+0700 - 9.00 B
2016-10-24 22:31:02.824+0000 INFO  [o.n.k.i.DiagnosticsManager]   neostore.transaction.db.0: 2016-10-25T05:31:02+0700 - 16.00 B
2016-10-24 22:31:02.824+0000 INFO  [o.n.k.i.DiagnosticsManager]   schema:
2016-10-24 22:31:02.824+0000 INFO  [o.n.k.i.DiagnosticsManager]     label:
2016-10-24 22:31:02.824+0000 INFO  [o.n.k.i.DiagnosticsManager]       lucene:
2016-10-24 22:31:02.824+0000 INFO  [o.n.k.i.DiagnosticsManager]         labelStore:
2016-10-24 22:31:02.825+0000 INFO  [o.n.k.i.DiagnosticsManager]           1:
2016-10-24 22:31:02.825+0000 INFO  [o.n.k.i.DiagnosticsManager]             write.lock: 2016-10-25T05:31:02+0700 - 0.00 B
2016-10-24 22:31:02.825+0000 INFO  [o.n.k.i.DiagnosticsManager]           - Total: 2016-10-25T05:31:02+0700 - 0.00 B
2016-10-24 22:31:02.825+0000 INFO  [o.n.k.i.DiagnosticsManager]           failure-message: 2016-10-25T05:31:01+0700 - 16.00 kB
2016-10-24 22:31:02.825+0000 INFO  [o.n.k.i.DiagnosticsManager]         - Total: 2016-10-25T05:31:01+0700 - 16.00 kB
2016-10-24 22:31:02.825+0000 INFO  [o.n.k.i.DiagnosticsManager]       - Total: 2016-10-25T05:31:01+0700 - 16.00 kB
2016-10-24 22:31:02.825+0000 INFO  [o.n.k.i.DiagnosticsManager]     - Total: 2016-10-25T05:31:01+0700 - 16.00 kB
2016-10-24 22:31:02.825+0000 INFO  [o.n.k.i.DiagnosticsManager]   - Total: 2016-10-25T05:31:01+0700 - 16.00 kB
2016-10-24 22:31:02.826+0000 INFO  [o.n.k.i.DiagnosticsManager]   store_lock: 2016-10-25T05:31:00+0700 - 0.00 B
2016-10-24 22:31:02.826+0000 INFO  [o.n.k.i.DiagnosticsManager] --- STARTED diagnostics for KernelDiagnostics:StoreFiles END ---
2016-10-24 22:31:04.166+0000 INFO  [o.n.k.i.DiagnosticsManager] --- SERVER STARTED START ---
2016-10-24 22:31:05.961+0000 INFO  [o.n.k.i.DiagnosticsManager] --- SERVER STARTED END ---
2016-10-24 22:42:14.969+0000 WARN  [o.n.k.i.c.MonitorGc] GC Monitor: Application threads blocked for 227ms.
2016-10-25 10:57:22.980+0000 WARN  [o.n.k.i.c.MonitorGc] GC Monitor: Application threads blocked for 205ms.
2016-10-25 10:57:25.916+0000 WARN  [o.n.k.i.c.MonitorGc] GC Monitor: Application threads blocked for 556ms.
2016-10-25 10:57:35.110+0000 WARN  [o.n.k.i.c.MonitorGc] GC Monitor: Application threads blocked for 257ms.
2016-10-25 10:57:37.040+0000 INFO  [o.n.k.i.f.CommunityFacadeFactory] Shutdown started
2016-10-25 10:57:37.223+0000 INFO  [o.n.k.i.f.CommunityFacadeFactory] Database is now unavailable
2016-10-25 10:57:46.006+0000 INFO  [o.n.k.i.t.l.c.CheckPointerImpl] Check Pointing triggered by database shutdown [1]:  Starting check pointing...
2016-10-25 10:57:46.006+0000 INFO  [o.n.k.i.t.l.c.CheckPointerImpl] Check Pointing triggered by database shutdown [1]:  Starting store flush...
2016-10-25 10:57:50.123+0000 INFO  [o.n.k.i.t.l.c.CheckPointerImpl] Check Pointing triggered by database shutdown [1]:  Store flush completed
2016-10-25 10:57:50.124+0000 INFO  [o.n.k.i.t.l.c.CheckPointerImpl] Check Pointing triggered by database shutdown [1]:  Starting appending check point entry into the tx log...
2016-10-25 10:57:50.383+0000 INFO  [o.n.k.i.t.l.c.CheckPointerImpl] Check Pointing triggered by database shutdown [1]:  Appending check point entry into the tx log completed
2016-10-25 10:57:50.383+0000 INFO  [o.n.k.i.t.l.c.CheckPointerImpl] Check Pointing triggered by database shutdown [1]:  Check pointing completed
2016-10-25 10:57:50.397+0000 INFO  [o.n.k.i.t.l.p.LogPruningImpl] Log Rotation [0]:  Starting log pruning.
2016-10-25 10:57:50.414+0000 INFO  [o.n.k.i.t.l.p.LogPruningImpl] Log Rotation [0]:  Log pruning complete.
2016-10-25 10:58:04.681+0000 INFO  [o.n.k.i.DiagnosticsManager] --- STOPPING diagnostics START ---
2016-10-25 10:58:04.681+0000 INFO  [o.n.k.i.DiagnosticsManager] --- STOPPING diagnostics END ---
2016-11-10 03:32:06.888+0000 INFO  [o.n.k.i.f.CommunityFacadeFactory] No locking implementation specified, defaulting to 'community'
2016-11-10 03:32:07.147+0000 INFO  [o.n.k.AvailabilityGuard] Requirement makes database unavailable: Database available
2016-11-10 03:32:07.213+0000 INFO  [o.n.k.i.DiagnosticsManager] --- INITIALIZED diagnostics START ---
2016-11-10 03:32:07.213+0000 INFO  [o.n.k.i.DiagnosticsManager] Neo4j Kernel properties:
2016-11-10 03:32:07.213+0000 INFO  [o.n.k.i.DiagnosticsManager] dbms.connector.http.enabled=true
2016-11-10 03:32:07.214+0000 INFO  [o.n.k.i.DiagnosticsManager] dbms.security.auth_enabled=false
2016-11-10 03:32:07.214+0000 INFO  [o.n.k.i.DiagnosticsManager] dbms.connector.bolt.type=BOLT
2016-11-10 03:32:07.214+0000 INFO  [o.n.k.i.DiagnosticsManager] unsupported.dbms.directories.neo4j_home=/home/trung/Desktop/vci/vci/db/neo4j/development
2016-11-10 03:32:07.214+0000 INFO  [o.n.k.i.DiagnosticsManager] dbms.directories.import=import
2016-11-10 03:32:07.214+0000 INFO  [o.n.k.i.DiagnosticsManager] dbms.connector.bolt.tls_level=OPTIONAL
2016-11-10 03:32:07.214+0000 INFO  [o.n.k.i.DiagnosticsManager] dbms.shell.enabled=true
2016-11-10 03:32:07.215+0000 INFO  [o.n.k.i.DiagnosticsManager] dbms.connector.https.address=localhost:7473
2016-11-10 03:32:07.215+0000 INFO  [o.n.k.i.DiagnosticsManager] dbms.connector.https.enabled=false
2016-11-10 03:32:07.215+0000 INFO  [o.n.k.i.DiagnosticsManager] dbms.connector.http.type=HTTP
2016-11-10 03:32:07.215+0000 INFO  [o.n.k.i.DiagnosticsManager] dbms.connector.https.encryption=TLS
2016-11-10 03:32:07.215+0000 INFO  [o.n.k.i.DiagnosticsManager] dbms.connector.https.type=HTTP
2016-11-10 03:32:07.216+0000 INFO  [o.n.k.i.DiagnosticsManager] unsupported.dbms.security.auth_store.location=data/dbms/auth
2016-11-10 03:32:07.216+0000 INFO  [o.n.k.i.DiagnosticsManager] unsupported.dbms.edition=community
2016-11-10 03:32:07.216+0000 INFO  [o.n.k.i.DiagnosticsManager] dbms.connector.bolt.address=localhost:7472
2016-11-10 03:32:07.216+0000 INFO  [o.n.k.i.DiagnosticsManager] dbms.connector.http.address=localhost:7474
2016-11-10 03:32:07.216+0000 INFO  [o.n.k.i.DiagnosticsManager] dbms.connector.bolt.enabled=true
2016-11-10 03:32:07.216+0000 INFO  [o.n.k.i.DiagnosticsManager] Diagnostics providers:
2016-11-10 03:32:07.217+0000 INFO  [o.n.k.i.DiagnosticsManager] org.neo4j.kernel.configuration.Config
2016-11-10 03:32:07.217+0000 INFO  [o.n.k.i.DiagnosticsManager] org.neo4j.kernel.info.DiagnosticsManager
2016-11-10 03:32:07.217+0000 INFO  [o.n.k.i.DiagnosticsManager] SYSTEM_MEMORY
2016-11-10 03:32:07.217+0000 INFO  [o.n.k.i.DiagnosticsManager] JAVA_MEMORY
2016-11-10 03:32:07.217+0000 INFO  [o.n.k.i.DiagnosticsManager] OPERATING_SYSTEM
2016-11-10 03:32:07.217+0000 INFO  [o.n.k.i.DiagnosticsManager] JAVA_VIRTUAL_MACHINE
2016-11-10 03:32:07.217+0000 INFO  [o.n.k.i.DiagnosticsManager] CLASSPATH
2016-11-10 03:32:07.217+0000 INFO  [o.n.k.i.DiagnosticsManager] LIBRARY_PATH
2016-11-10 03:32:07.217+0000 INFO  [o.n.k.i.DiagnosticsManager] SYSTEM_PROPERTIES
2016-11-10 03:32:07.218+0000 INFO  [o.n.k.i.DiagnosticsManager] LINUX_SCHEDULERS
2016-11-10 03:32:07.218+0000 INFO  [o.n.k.i.DiagnosticsManager] NETWORK
2016-11-10 03:32:07.218+0000 INFO  [o.n.k.i.DiagnosticsManager] System memory information:
2016-11-10 03:32:07.238+0000 INFO  [o.n.k.i.DiagnosticsManager] Total Physical memory: 3.72 GB
2016-11-10 03:32:07.238+0000 INFO  [o.n.k.i.DiagnosticsManager] Free Physical memory: 651.26 MB
2016-11-10 03:32:07.239+0000 INFO  [o.n.k.i.DiagnosticsManager] Committed virtual memory: 4.36 GB
2016-11-10 03:32:07.239+0000 INFO  [o.n.k.i.DiagnosticsManager] Total swap space: 7.63 GB
2016-11-10 03:32:07.239+0000 INFO  [o.n.k.i.DiagnosticsManager] Free swap space: 7.63 GB
2016-11-10 03:32:07.240+0000 INFO  [o.n.k.i.DiagnosticsManager] JVM memory information:
2016-11-10 03:32:07.240+0000 INFO  [o.n.k.i.DiagnosticsManager] Free  memory: 35.98 MB
2016-11-10 03:32:07.240+0000 INFO  [o.n.k.i.DiagnosticsManager] Total memory: 60.00 MB
2016-11-10 03:32:07.240+0000 INFO  [o.n.k.i.DiagnosticsManager] Max   memory: 954.00 MB
2016-11-10 03:32:07.278+0000 INFO  [o.n.k.i.DiagnosticsManager] Garbage Collector: G1 Young Generation: [G1 Eden Space, G1 Survivor Space]
2016-11-10 03:32:07.278+0000 INFO  [o.n.k.i.DiagnosticsManager] Garbage Collector: G1 Old Generation: [G1 Eden Space, G1 Survivor Space, G1 Old Gen]
2016-11-10 03:32:07.279+0000 INFO  [o.n.k.i.DiagnosticsManager] Memory Pool: Code Cache (Non-heap memory): committed=3.63 MB, used=3.59 MB, max=240.00 MB, threshold=0.00 B
2016-11-10 03:32:07.280+0000 INFO  [o.n.k.i.DiagnosticsManager] Memory Pool: Metaspace (Non-heap memory): committed=10.75 MB, used=10.10 MB, max=-1.00 B, threshold=0.00 B
2016-11-10 03:32:07.280+0000 INFO  [o.n.k.i.DiagnosticsManager] Memory Pool: Compressed Class Space (Non-heap memory): committed=1.50 MB, used=1.30 MB, max=1.00 GB, threshold=0.00 B
2016-11-10 03:32:07.281+0000 INFO  [o.n.k.i.DiagnosticsManager] Memory Pool: G1 Eden Space (Heap memory): committed=34.00 MB, used=17.00 MB, max=-1.00 B, threshold=?
2016-11-10 03:32:07.281+0000 INFO  [o.n.k.i.DiagnosticsManager] Memory Pool: G1 Survivor Space (Heap memory): committed=3.00 MB, used=3.00 MB, max=-1.00 B, threshold=?
2016-11-10 03:32:07.282+0000 INFO  [o.n.k.i.DiagnosticsManager] Memory Pool: G1 Old Gen (Heap memory): committed=23.00 MB, used=3.52 MB, max=954.00 MB, threshold=0.00 B
2016-11-10 03:32:07.282+0000 INFO  [o.n.k.i.DiagnosticsManager] Operating system information:
2016-11-10 03:32:07.283+0000 INFO  [o.n.k.i.DiagnosticsManager] Operating System: Linux; version: 4.4.0-45-generic; arch: amd64; cpus: 8
2016-11-10 03:32:07.283+0000 INFO  [o.n.k.i.DiagnosticsManager] Max number of file descriptors: 65536
2016-11-10 03:32:07.283+0000 INFO  [o.n.k.i.DiagnosticsManager] Number of open file descriptors: 86
2016-11-10 03:32:07.312+0000 INFO  [o.n.k.i.DiagnosticsManager] Process id: 4806@trung-HP-Pavilion-m4-Notebook-PC
2016-11-10 03:32:07.313+0000 INFO  [o.n.k.i.DiagnosticsManager] Byte order: LITTLE_ENDIAN
2016-11-10 03:32:07.313+0000 INFO  [o.n.k.i.DiagnosticsManager] Local timezone: Asia/Ho_Chi_Minh
2016-11-10 03:32:07.313+0000 INFO  [o.n.k.i.DiagnosticsManager] JVM information:
2016-11-10 03:32:07.313+0000 INFO  [o.n.k.i.DiagnosticsManager] VM Name: Java HotSpot(TM) 64-Bit Server VM
2016-11-10 03:32:07.313+0000 INFO  [o.n.k.i.DiagnosticsManager] VM Vendor: Oracle Corporation
2016-11-10 03:32:07.313+0000 INFO  [o.n.k.i.DiagnosticsManager] VM Version: 25.111-b14
2016-11-10 03:32:07.316+0000 INFO  [o.n.k.i.DiagnosticsManager] JIT compiler: HotSpot 64-Bit Tiered Compilers
2016-11-10 03:32:07.317+0000 INFO  [o.n.k.i.DiagnosticsManager] VM Arguments: [-XX:+UseG1GC, -XX:-OmitStackTraceInFastThrow, -XX:hashCode=5, -XX:+AlwaysPreTouch, -XX:+UnlockExperimentalVMOptions, -XX:+TrustFinalNonStaticFields, -XX:+DisableExplicitGC, -Djdk.tls.ephemeralDHKeySize=2048, -Dunsupported.dbms.udc.source=tarball, -Dfile.encoding=UTF-8]
2016-11-10 03:32:07.317+0000 INFO  [o.n.k.i.DiagnosticsManager] Java classpath:
2016-11-10 03:32:07.320+0000 INFO  [o.n.k.i.DiagnosticsManager]  [classpath + loader.0] file:/home/trung/Desktop/vci/vci/db/neo4j/development/lib/neo4j-csv-3.0.6.jar
2016-11-10 03:32:07.320+0000 INFO  [o.n.k.i.DiagnosticsManager]  [classpath + loader.0] file:/home/trung/Desktop/vci/vci/db/neo4j/development/lib/neo4j-security-3.0.6.jar
2016-11-10 03:32:07.320+0000 INFO  [o.n.k.i.DiagnosticsManager]  [classpath + loader.0] file:/home/trung/Desktop/vci/vci/db/neo4j/development/lib/lucene-analyzers-common-5.5.0.jar
2016-11-10 03:32:07.320+0000 INFO  [o.n.k.i.DiagnosticsManager]  [classpath + loader.0] file:/home/trung/Desktop/vci/vci/db/neo4j/development/lib/neo4j-logging-3.0.6.jar
2016-11-10 03:32:07.320+0000 INFO  [o.n.k.i.DiagnosticsManager]  [loader.1] file:/usr/lib/jvm/java-8-oracle/jre/lib/ext/zipfs.jar
2016-11-10 03:32:07.320+0000 INFO  [o.n.k.i.DiagnosticsManager]  [loader.1] file:/usr/lib/jvm/java-8-oracle/jre/lib/ext/jfxrt.jar
2016-11-10 03:32:07.320+0000 INFO  [o.n.k.i.DiagnosticsManager]  [bootstrap] /usr/lib/jvm/java-8-oracle/jre/lib/jce.jar
2016-11-10 03:32:07.320+0000 INFO  [o.n.k.i.DiagnosticsManager]  [classpath + loader.0] file:/home/trung/Desktop/vci/vci/db/neo4j/development/lib/jetty-util-9.2.9.v20150224.jar
2016-11-10 03:32:07.320+0000 INFO  [o.n.k.i.DiagnosticsManager]  [classpath + loader.0] file:/home/trung/Desktop/vci/vci/db/neo4j/development/lib/neo4j-command-line-3.0.6.jar
2016-11-10 03:32:07.320+0000 INFO  [o.n.k.i.DiagnosticsManager]  [classpath + loader.0] file:/home/trung/Desktop/vci/vci/db/neo4j/development/lib/neo4j-cypher-frontend-3.0-3.0.6.jar
2016-11-10 03:32:07.320+0000 INFO  [o.n.k.i.DiagnosticsManager]  [classpath + loader.0] file:/home/trung/Desktop/vci/vci/db/neo4j/development/lib/jsr311-api-1.1.2.r612.jar
2016-11-10 03:32:07.320+0000 INFO  [o.n.k.i.DiagnosticsManager]  [classpath + loader.0] file:/home/trung/Desktop/vci/vci/db/neo4j/development/lib/javax.servlet-api-3.1.0.jar
2016-11-10 03:32:07.320+0000 INFO  [o.n.k.i.DiagnosticsManager]  [classpath + loader.0] file:/home/trung/Desktop/vci/vci/db/neo4j/development/lib/jetty-http-9.2.9.v20150224.jar
2016-11-10 03:32:07.320+0000 INFO  [o.n.k.i.DiagnosticsManager]  [loader.1] file:/usr/lib/jvm/java-8-oracle/jre/lib/ext/jaccess.jar
2016-11-10 03:32:07.320+0000 INFO  [o.n.k.i.DiagnosticsManager]  [classpath + loader.0] file:/home/trung/Desktop/vci/vci/db/neo4j/development/lib/commons-lang-2.6.jar
2016-11-10 03:32:07.321+0000 INFO  [o.n.k.i.DiagnosticsManager]  [classpath + loader.0] file:/home/trung/Desktop/vci/vci/db/neo4j/development/lib/neo4j-primitive-collections-3.0.6.jar
2016-11-10 03:32:07.321+0000 INFO  [o.n.k.i.DiagnosticsManager]  [bootstrap] /usr/lib/jvm/java-8-oracle/jre/lib/jfr.jar
2016-11-10 03:32:07.321+0000 INFO  [o.n.k.i.DiagnosticsManager]  [classpath + loader.0] file:/home/trung/Desktop/vci/vci/db/neo4j/development/lib/opencsv-2.3.jar
2016-11-10 03:32:07.321+0000 INFO  [o.n.k.i.DiagnosticsManager]  [classpath + loader.0] file:/home/trung/Desktop/vci/vci/db/neo4j/development/lib/jackson-core-asl-1.9.13.jar
2016-11-10 03:32:07.321+0000 INFO  [o.n.k.i.DiagnosticsManager]  [classpath + loader.0] file:/home/trung/Desktop/vci/vci/db/neo4j/development/lib/server-api-3.0.6.jar
2016-11-10 03:32:07.321+0000 INFO  [o.n.k.i.DiagnosticsManager]  [classpath + loader.0] file:/home/trung/Desktop/vci/vci/db/neo4j/development/plugins/*
2016-11-10 03:32:07.321+0000 INFO  [o.n.k.i.DiagnosticsManager]  [classpath + loader.0] file:/home/trung/Desktop/vci/vci/db/neo4j/development/lib/mimepull-1.9.3.jar
2016-11-10 03:32:07.321+0000 INFO  [o.n.k.i.DiagnosticsManager]  [classpath + loader.0] file:/home/trung/Desktop/vci/vci/db/neo4j/development/lib/neo4j-io-3.0.6.jar
2016-11-10 03:32:07.321+0000 INFO  [o.n.k.i.DiagnosticsManager]  [loader.1] file:/usr/lib/jvm/java-8-oracle/jre/lib/ext/sunpkcs11.jar
2016-11-10 03:32:07.321+0000 INFO  [o.n.k.i.DiagnosticsManager]  [classpath + loader.0] file:/home/trung/Desktop/vci/vci/db/neo4j/development/lib/jetty-io-9.2.9.v20150224.jar
2016-11-10 03:32:07.321+0000 INFO  [o.n.k.i.DiagnosticsManager]  [classpath + loader.0] file:/home/trung/Desktop/vci/vci/db/neo4j/development/lib/commons-configuration-1.10.jar
2016-11-10 03:32:07.321+0000 INFO  [o.n.k.i.DiagnosticsManager]  [classpath + loader.0] file:/home/trung/Desktop/vci/vci/db/neo4j/development/lib/neo4j-cypher-3.0.6.jar
2016-11-10 03:32:07.321+0000 INFO  [o.n.k.i.DiagnosticsManager]  [classpath + loader.0] file:/home/trung/Desktop/vci/vci/db/neo4j/development/lib/neo4j-graph-matching-3.0.6.jar
2016-11-10 03:32:07.321+0000 INFO  [o.n.k.i.DiagnosticsManager]  [classpath + loader.0] file:/home/trung/Desktop/vci/vci/db/neo4j/development/lib/neo4j-jmx-3.0.6.jar
2016-11-10 03:32:07.321+0000 INFO  [o.n.k.i.DiagnosticsManager]  [classpath + loader.0] file:/home/trung/Desktop/vci/vci/db/neo4j/development/lib/neo4j-udc-3.0.6.jar
2016-11-10 03:32:07.321+0000 INFO  [o.n.k.i.DiagnosticsManager]  [classpath + loader.0] file:/home/trung/Desktop/vci/vci/db/neo4j/development/lib/neo4j-cypher-compiler-3.0-3.0.6.jar
2016-11-10 03:32:07.321+0000 INFO  [o.n.k.i.DiagnosticsManager]  [classpath + loader.0] file:/home/trung/Desktop/vci/vci/db/neo4j/development/lib/neo4j-server-3.0.6.jar
2016-11-10 03:32:07.322+0000 INFO  [o.n.k.i.DiagnosticsManager]  [classpath + loader.0] file:/home/trung/Desktop/vci/vci/db/neo4j/development/lib/lucene-queryparser-5.5.0.jar
2016-11-10 03:32:07.322+0000 INFO  [o.n.k.i.DiagnosticsManager]  [classpath + loader.0] file:/home/trung/Desktop/vci/vci/db/neo4j/development/lib/jetty-webapp-9.2.9.v20150224.jar
2016-11-10 03:32:07.322+0000 INFO  [o.n.k.i.DiagnosticsManager]  [classpath + loader.0] file:/home/trung/Desktop/vci/vci/db/neo4j/development/lib/neo4j-graph-algo-3.0.6.jar
2016-11-10 03:32:07.322+0000 INFO  [o.n.k.i.DiagnosticsManager]  [bootstrap] /usr/lib/jvm/java-8-oracle/jre/lib/rt.jar
2016-11-10 03:32:07.322+0000 INFO  [o.n.k.i.DiagnosticsManager]  [classpath + loader.0] file:/home/trung/Desktop/vci/vci/db/neo4j/development/lib/jackson-jaxrs-1.9.13.jar
2016-11-10 03:32:07.322+0000 INFO  [o.n.k.i.DiagnosticsManager]  [bootstrap] /usr/lib/jvm/java-8-oracle/jre/lib/jsse.jar
2016-11-10 03:32:07.322+0000 INFO  [o.n.k.i.DiagnosticsManager]  [loader.1] file:/usr/lib/jvm/java-8-oracle/jre/lib/ext/cldrdata.jar
2016-11-10 03:32:07.322+0000 INFO  [o.n.k.i.DiagnosticsManager]  [classpath + loader.0] file:/home/trung/Desktop/vci/vci/db/neo4j/development/lib/lucene-codecs-5.5.0.jar
2016-11-10 03:32:07.322+0000 INFO  [o.n.k.i.DiagnosticsManager]  [classpath + loader.0] file:/home/trung/Desktop/vci/vci/db/neo4j/development/lib/netty-all-4.0.28.Final.jar
2016-11-10 03:32:07.322+0000 INFO  [o.n.k.i.DiagnosticsManager]  [classpath + loader.0] file:/home/trung/Desktop/vci/vci/db/neo4j/development/lib/neo4j-browser-1.1.8.jar
2016-11-10 03:32:07.322+0000 INFO  [o.n.k.i.DiagnosticsManager]  [classpath + loader.0] file:/home/trung/Desktop/vci/vci/db/neo4j/development/lib/concurrentlinkedhashmap-lru-1.4.2.jar
2016-11-10 03:32:07.322+0000 INFO  [o.n.k.i.DiagnosticsManager]  [classpath + loader.0] file:/home/trung/Desktop/vci/vci/db/neo4j/development/conf/
2016-11-10 03:32:07.322+0000 INFO  [o.n.k.i.DiagnosticsManager]  [classpath + loader.0] file:/home/trung/Desktop/vci/vci/db/neo4j/development/lib/neo4j-kernel-3.0.6.jar
2016-11-10 03:32:07.322+0000 INFO  [o.n.k.i.DiagnosticsManager]  [classpath + loader.0] file:/home/trung/Desktop/vci/vci/db/neo4j/development/lib/neo4j-cypher-frontend-2.3-2.3.7.jar
2016-11-10 03:32:07.322+0000 INFO  [o.n.k.i.DiagnosticsManager]  [classpath + loader.0] file:/home/trung/Desktop/vci/vci/db/neo4j/development/lib/lucene-core-5.5.0.jar
2016-11-10 03:32:07.322+0000 INFO  [o.n.k.i.DiagnosticsManager]  [loader.1] file:/usr/lib/jvm/java-8-oracle/jre/lib/ext/sunec.jar
2016-11-10 03:32:07.322+0000 INFO  [o.n.k.i.DiagnosticsManager]  [bootstrap] /usr/lib/jvm/java-8-oracle/jre/lib/charsets.jar
2016-11-10 03:32:07.322+0000 INFO  [o.n.k.i.DiagnosticsManager]  [classpath + loader.0] file:/home/trung/Desktop/vci/vci/db/neo4j/development/lib/parboiled-core-1.1.7.jar
2016-11-10 03:32:07.323+0000 INFO  [o.n.k.i.DiagnosticsManager]  [classpath + loader.0] file:/home/trung/Desktop/vci/vci/db/neo4j/development/lib/neo4j-import-tool-3.0.6.jar
2016-11-10 03:32:07.323+0000 INFO  [o.n.k.i.DiagnosticsManager]  [classpath + loader.0] file:/home/trung/Desktop/vci/vci/db/neo4j/development/lib/commons-logging-1.1.1.jar
2016-11-10 03:32:07.323+0000 INFO  [o.n.k.i.DiagnosticsManager]  [classpath + loader.0] file:/home/trung/Desktop/vci/vci/db/neo4j/development/lib/jersey-servlet-1.19.jar
2016-11-10 03:32:07.323+0000 INFO  [o.n.k.i.DiagnosticsManager]  [classpath + loader.0] file:/home/trung/Desktop/vci/vci/db/neo4j/development/lib/scala-library-2.11.8.jar
2016-11-10 03:32:07.323+0000 INFO  [o.n.k.i.DiagnosticsManager]  [classpath + loader.0] file:/home/trung/Desktop/vci/vci/db/neo4j/development/lib/commons-io-2.4.jar
2016-11-10 03:32:07.323+0000 INFO  [o.n.k.i.DiagnosticsManager]  [classpath + loader.0] file:/home/trung/Desktop/vci/vci/db/neo4j/development/lib/bcprov-jdk15on-1.53.jar
2016-11-10 03:32:07.323+0000 INFO  [o.n.k.i.DiagnosticsManager]  [classpath + loader.0] file:/home/trung/Desktop/vci/vci/db/neo4j/development/lib/neo4j-lucene-upgrade-3.0.6.jar
2016-11-10 03:32:07.323+0000 INFO  [o.n.k.i.DiagnosticsManager]  [classpath + loader.0] file:/home/trung/Desktop/vci/vci/db/neo4j/development/lib/jline-2.12.jar
2016-11-10 03:32:07.323+0000 INFO  [o.n.k.i.DiagnosticsManager]  [classpath + loader.0] file:/home/trung/Desktop/vci/vci/db/neo4j/development/lib/neo4j-shell-3.0.6.jar
2016-11-10 03:32:07.323+0000 INFO  [o.n.k.i.DiagnosticsManager]  [classpath + loader.0] file:/home/trung/Desktop/vci/vci/db/neo4j/development/lib/neo4j-graphdb-api-3.0.6.jar
2016-11-10 03:32:07.323+0000 INFO  [o.n.k.i.DiagnosticsManager]  [loader.1] file:/usr/lib/jvm/java-8-oracle/jre/lib/ext/sunjce_provider.jar
2016-11-10 03:32:07.323+0000 INFO  [o.n.k.i.DiagnosticsManager]  [classpath + loader.0] file:/home/trung/Desktop/vci/vci/db/neo4j/development/lib/neo4j-consistency-check-3.0.6.jar
2016-11-10 03:32:07.323+0000 INFO  [o.n.k.i.DiagnosticsManager]  [classpath + loader.0] file:/home/trung/Desktop/vci/vci/db/neo4j/development/lib/jersey-multipart-1.19.jar
2016-11-10 03:32:07.323+0000 INFO  [o.n.k.i.DiagnosticsManager]  [bootstrap] /usr/lib/jvm/java-8-oracle/jre/classes
2016-11-10 03:32:07.323+0000 INFO  [o.n.k.i.DiagnosticsManager]  [classpath + loader.0] file:/home/trung/Desktop/vci/vci/db/neo4j/development/lib/neo4j-common-3.0.6.jar
2016-11-10 03:32:07.324+0000 INFO  [o.n.k.i.DiagnosticsManager]  [classpath + loader.0] file:/home/trung/Desktop/vci/vci/db/neo4j/development/lib/neo4j-dbms-3.0.6.jar
2016-11-10 03:32:07.324+0000 INFO  [o.n.k.i.DiagnosticsManager]  [classpath + loader.0] file:/home/trung/Desktop/vci/vci/db/neo4j/development/lib/jackson-mapper-asl-1.9.13.jar
2016-11-10 03:32:07.324+0000 INFO  [o.n.k.i.DiagnosticsManager]  [classpath + loader.0] file:/home/trung/Desktop/vci/vci/db/neo4j/development/lib/neo4j-codegen-3.0.6.jar
2016-11-10 03:32:07.324+0000 INFO  [o.n.k.i.DiagnosticsManager]  [classpath + loader.0] file:/home/trung/Desktop/vci/vci/db/neo4j/development/lib/jetty-server-9.2.9.v20150224.jar
2016-11-10 03:32:07.324+0000 INFO  [o.n.k.i.DiagnosticsManager]  [classpath + loader.0] file:/home/trung/Desktop/vci/vci/db/neo4j/development/lib/jetty-xml-9.2.9.v20150224.jar
2016-11-10 03:32:07.324+0000 INFO  [o.n.k.i.DiagnosticsManager]  [classpath + loader.0] file:/home/trung/Desktop/vci/vci/db/neo4j/development/lib/bcpkix-jdk15on-1.53.jar
2016-11-10 03:32:07.324+0000 INFO  [o.n.k.i.DiagnosticsManager]  [loader.1] file:/usr/lib/jvm/java-8-oracle/jre/lib/ext/nashorn.jar
2016-11-10 03:32:07.324+0000 INFO  [o.n.k.i.DiagnosticsManager]  [loader.1] file:/usr/lib/jvm/java-8-oracle/jre/lib/ext/dnsns.jar
2016-11-10 03:32:07.324+0000 INFO  [o.n.k.i.DiagnosticsManager]  [classpath + loader.0] file:/home/trung/Desktop/vci/vci/db/neo4j/development/lib/commons-lang3-3.3.2.jar
2016-11-10 03:32:07.324+0000 INFO  [o.n.k.i.DiagnosticsManager]  [classpath + loader.0] file:/home/trung/Desktop/vci/vci/db/neo4j/development/lib/neo4j-resource-3.0.6.jar
2016-11-10 03:32:07.324+0000 INFO  [o.n.k.i.DiagnosticsManager]  [classpath + loader.0] file:/home/trung/Desktop/vci/vci/db/neo4j/development/lib/commons-beanutils-1.8.3.jar
2016-11-10 03:32:07.324+0000 INFO  [o.n.k.i.DiagnosticsManager]  [classpath + loader.0] file:/home/trung/Desktop/vci/vci/db/neo4j/development/lib/jetty-servlet-9.2.9.v20150224.jar
2016-11-10 03:32:07.324+0000 INFO  [o.n.k.i.DiagnosticsManager]  [classpath + loader.0] file:/home/trung/Desktop/vci/vci/db/neo4j/development/lib/neo4j-bolt-3.0.6.jar
2016-11-10 03:32:07.324+0000 INFO  [o.n.k.i.DiagnosticsManager]  [classpath + loader.0] file:/home/trung/Desktop/vci/vci/db/neo4j/development/lib/jersey-server-1.19.jar
2016-11-10 03:32:07.324+0000 INFO  [o.n.k.i.DiagnosticsManager]  [bootstrap] /usr/lib/jvm/java-8-oracle/jre/lib/sunrsasign.jar
2016-11-10 03:32:07.324+0000 INFO  [o.n.k.i.DiagnosticsManager]  [classpath + loader.0] file:/home/trung/Desktop/vci/vci/db/neo4j/development/lib/parboiled-scala_2.11-1.1.7.jar
2016-11-10 03:32:07.324+0000 INFO  [o.n.k.i.DiagnosticsManager]  [classpath + loader.0] file:/home/trung/Desktop/vci/vci/db/neo4j/development/lib/neo4j-lucene-index-3.0.6.jar
2016-11-10 03:32:07.325+0000 INFO  [o.n.k.i.DiagnosticsManager]  [classpath + loader.0] file:/home/trung/Desktop/vci/vci/db/neo4j/development/plugins/
2016-11-10 03:32:07.325+0000 INFO  [o.n.k.i.DiagnosticsManager]  [bootstrap] /usr/lib/jvm/java-8-oracle/jre/lib/resources.jar
2016-11-10 03:32:07.325+0000 INFO  [o.n.k.i.DiagnosticsManager]  [classpath + loader.0] file:/home/trung/Desktop/vci/vci/db/neo4j/development/lib/asm-5.0.2.jar
2016-11-10 03:32:07.325+0000 INFO  [o.n.k.i.DiagnosticsManager]  [loader.1] file:/usr/lib/jvm/java-8-oracle/jre/lib/ext/localedata.jar
2016-11-10 03:32:07.325+0000 INFO  [o.n.k.i.DiagnosticsManager]  [classpath + loader.0] file:/home/trung/Desktop/vci/vci/db/neo4j/development/lib/commons-digester-2.1.jar
2016-11-10 03:32:07.325+0000 INFO  [o.n.k.i.DiagnosticsManager]  [classpath + loader.0] file:/home/trung/Desktop/vci/vci/db/neo4j/development/lib/jetty-security-9.2.9.v20150224.jar
2016-11-10 03:32:07.325+0000 INFO  [o.n.k.i.DiagnosticsManager]  [classpath + loader.0] file:/home/trung/Desktop/vci/vci/db/neo4j/development/lib/jersey-core-1.19.jar
2016-11-10 03:32:07.325+0000 INFO  [o.n.k.i.DiagnosticsManager]  [classpath + loader.0] file:/home/trung/Desktop/vci/vci/db/neo4j/development/lib/neo4j-unsafe-3.0.6.jar
2016-11-10 03:32:07.325+0000 INFO  [o.n.k.i.DiagnosticsManager]  [classpath + loader.0] file:/home/trung/Desktop/vci/vci/db/neo4j/development/lib/neo4j-collections-3.0.6.jar
2016-11-10 03:32:07.325+0000 INFO  [o.n.k.i.DiagnosticsManager]  [classpath + loader.0] file:/home/trung/Desktop/vci/vci/db/neo4j/development/lib/scala-reflect-2.11.8.jar
2016-11-10 03:32:07.325+0000 INFO  [o.n.k.i.DiagnosticsManager]  [classpath + loader.0] file:/home/trung/Desktop/vci/vci/db/neo4j/development/lib/rhino-1.7R4.jar
2016-11-10 03:32:07.325+0000 INFO  [o.n.k.i.DiagnosticsManager]  [classpath + loader.0] file:/home/trung/Desktop/vci/vci/db/neo4j/development/lib/neo4j-cypher-compiler-2.3-2.3.7.jar
2016-11-10 03:32:07.325+0000 INFO  [o.n.k.i.DiagnosticsManager] Library path:
2016-11-10 03:32:07.325+0000 INFO  [o.n.k.i.DiagnosticsManager] /usr/java/packages/lib/amd64
2016-11-10 03:32:07.326+0000 INFO  [o.n.k.i.DiagnosticsManager] /usr/lib64
2016-11-10 03:32:07.326+0000 INFO  [o.n.k.i.DiagnosticsManager] /lib64
2016-11-10 03:32:07.326+0000 INFO  [o.n.k.i.DiagnosticsManager] /lib
2016-11-10 03:32:07.326+0000 INFO  [o.n.k.i.DiagnosticsManager] /usr/lib
2016-11-10 03:32:07.326+0000 INFO  [o.n.k.i.DiagnosticsManager] System.properties:
2016-11-10 03:32:07.326+0000 INFO  [o.n.k.i.DiagnosticsManager] sun.boot.library.path = /usr/lib/jvm/java-8-oracle/jre/lib/amd64
2016-11-10 03:32:07.326+0000 INFO  [o.n.k.i.DiagnosticsManager] path.separator = :
2016-11-10 03:32:07.326+0000 INFO  [o.n.k.i.DiagnosticsManager] file.encoding.pkg = sun.io
2016-11-10 03:32:07.326+0000 INFO  [o.n.k.i.DiagnosticsManager] user.country = US
2016-11-10 03:32:07.327+0000 INFO  [o.n.k.i.DiagnosticsManager] sun.java.launcher = SUN_STANDARD
2016-11-10 03:32:07.327+0000 INFO  [o.n.k.i.DiagnosticsManager] sun.os.patch.level = unknown
2016-11-10 03:32:07.327+0000 INFO  [o.n.k.i.DiagnosticsManager] user.dir = /home/trung/Desktop/vci/vci
2016-11-10 03:32:07.327+0000 INFO  [o.n.k.i.DiagnosticsManager] sun.jnu.encoding = UTF-8
2016-11-10 03:32:07.327+0000 INFO  [o.n.k.i.DiagnosticsManager] unsupported.dbms.udc.source = tarball
2016-11-10 03:32:07.327+0000 INFO  [o.n.k.i.DiagnosticsManager] sun.management.compiler = HotSpot 64-Bit Tiered Compilers
2016-11-10 03:32:07.327+0000 INFO  [o.n.k.i.DiagnosticsManager] user.home = /home/trung
2016-11-10 03:32:07.327+0000 INFO  [o.n.k.i.DiagnosticsManager] user.timezone = Asia/Ho_Chi_Minh
2016-11-10 03:32:07.327+0000 INFO  [o.n.k.i.DiagnosticsManager] file.encoding = UTF-8
2016-11-10 03:32:07.327+0000 INFO  [o.n.k.i.DiagnosticsManager] user.name = trung
2016-11-10 03:32:07.327+0000 INFO  [o.n.k.i.DiagnosticsManager] sun.java.command = org.neo4j.server.CommunityEntryPoint --home-dir=/home/trung/Desktop/vci/vci/db/neo4j/development --config-dir=/home/trung/Desktop/vci/vci/db/neo4j/development/conf
2016-11-10 03:32:07.327+0000 INFO  [o.n.k.i.DiagnosticsManager] sun.arch.data.model = 64
2016-11-10 03:32:07.327+0000 INFO  [o.n.k.i.DiagnosticsManager] user.language = en
2016-11-10 03:32:07.327+0000 INFO  [o.n.k.i.DiagnosticsManager] awt.toolkit = sun.awt.X11.XToolkit
2016-11-10 03:32:07.327+0000 INFO  [o.n.k.i.DiagnosticsManager] jdk.tls.ephemeralDHKeySize = 2048
2016-11-10 03:32:07.327+0000 INFO  [o.n.k.i.DiagnosticsManager] file.separator = /
2016-11-10 03:32:07.328+0000 INFO  [o.n.k.i.DiagnosticsManager] sun.io.unicode.encoding = UnicodeLittle
2016-11-10 03:32:07.328+0000 INFO  [o.n.k.i.DiagnosticsManager] sun.cpu.endian = little
2016-11-10 03:32:07.328+0000 INFO  [o.n.k.i.DiagnosticsManager] sun.desktop = gnome
2016-11-10 03:32:07.328+0000 INFO  [o.n.k.i.DiagnosticsManager] sun.cpu.isalist = 
2016-11-10 03:32:07.328+0000 INFO  [o.n.k.i.DiagnosticsManager] Linux scheduler information:
2016-11-10 03:32:07.445+0000 INFO  [o.n.k.i.DiagnosticsManager] noop [deadline] cfq 
2016-11-10 03:32:07.446+0000 INFO  [o.n.k.i.DiagnosticsManager] noop [deadline] cfq 
2016-11-10 03:32:07.446+0000 INFO  [o.n.k.i.DiagnosticsManager] none
2016-11-10 03:32:07.446+0000 INFO  [o.n.k.i.DiagnosticsManager] none
2016-11-10 03:32:07.447+0000 INFO  [o.n.k.i.DiagnosticsManager] none
2016-11-10 03:32:07.447+0000 INFO  [o.n.k.i.DiagnosticsManager] none
2016-11-10 03:32:07.447+0000 INFO  [o.n.k.i.DiagnosticsManager] none
2016-11-10 03:32:07.448+0000 INFO  [o.n.k.i.DiagnosticsManager] none
2016-11-10 03:32:07.448+0000 INFO  [o.n.k.i.DiagnosticsManager] none
2016-11-10 03:32:07.448+0000 INFO  [o.n.k.i.DiagnosticsManager] none
2016-11-10 03:32:07.449+0000 INFO  [o.n.k.i.DiagnosticsManager] none
2016-11-10 03:32:07.449+0000 INFO  [o.n.k.i.DiagnosticsManager] none
2016-11-10 03:32:07.449+0000 INFO  [o.n.k.i.DiagnosticsManager] none
2016-11-10 03:32:07.450+0000 INFO  [o.n.k.i.DiagnosticsManager] none
2016-11-10 03:32:07.450+0000 INFO  [o.n.k.i.DiagnosticsManager] none
2016-11-10 03:32:07.450+0000 INFO  [o.n.k.i.DiagnosticsManager] none
2016-11-10 03:32:07.451+0000 INFO  [o.n.k.i.DiagnosticsManager] none
2016-11-10 03:32:07.451+0000 INFO  [o.n.k.i.DiagnosticsManager] none
2016-11-10 03:32:07.451+0000 INFO  [o.n.k.i.DiagnosticsManager] none
2016-11-10 03:32:07.451+0000 INFO  [o.n.k.i.DiagnosticsManager] none
2016-11-10 03:32:07.452+0000 INFO  [o.n.k.i.DiagnosticsManager] none
2016-11-10 03:32:07.452+0000 INFO  [o.n.k.i.DiagnosticsManager] none
2016-11-10 03:32:07.452+0000 INFO  [o.n.k.i.DiagnosticsManager] none
2016-11-10 03:32:07.452+0000 INFO  [o.n.k.i.DiagnosticsManager] none
2016-11-10 03:32:07.453+0000 INFO  [o.n.k.i.DiagnosticsManager] none
2016-11-10 03:32:07.453+0000 INFO  [o.n.k.i.DiagnosticsManager] none
2016-11-10 03:32:07.453+0000 INFO  [o.n.k.i.DiagnosticsManager] Network information:
2016-11-10 03:32:07.454+0000 INFO  [o.n.k.i.DiagnosticsManager] Interface wlo1:
2016-11-10 03:32:07.455+0000 INFO  [o.n.k.i.DiagnosticsManager]     address: fe80:0:0:0:fdc8:f50c:f82:d953%wlo1
2016-11-10 03:32:07.455+0000 INFO  [o.n.k.i.DiagnosticsManager]     address: 192.168.1.7
2016-11-10 03:32:07.455+0000 INFO  [o.n.k.i.DiagnosticsManager] Interface lo:
2016-11-10 03:32:07.455+0000 INFO  [o.n.k.i.DiagnosticsManager]     address: 0:0:0:0:0:0:0:1%lo
2016-11-10 03:32:07.455+0000 INFO  [o.n.k.i.DiagnosticsManager]     address: 127.0.0.1
2016-11-10 03:32:07.455+0000 INFO  [o.n.k.i.DiagnosticsManager] --- INITIALIZED diagnostics END ---
2016-11-10 03:32:08.724+0000 INFO  [o.n.b.v.r.Sessions] Bolt Server extension loaded.
2016-11-10 03:32:08.724+0000 INFO  [o.n.b.v.r.Sessions] Bolt enabled on localhost:7472.
2016-11-10 03:32:09.069+0000 INFO  [o.n.k.i.s.f.RecordFormatSelector] Selected RecordFormat:StandardV3_0[v0.A.7] record format from store /home/trung/Desktop/vci/vci/db/neo4j/development/data/databases/graph.db
2016-11-10 03:32:09.168+0000 INFO  [o.n.k.i.s.f.RecordFormatSelector] Format not configured. Selected format from the store: RecordFormat:StandardV3_0[v0.A.7]
2016-11-10 03:32:10.411+0000 INFO  [o.n.k.i.DatabaseHealth] Database health set to OK
2016-11-10 03:32:11.842+0000 INFO  [o.n.k.AvailabilityGuard] Fulfilling of requirement makes database available: Database available
2016-11-10 03:32:11.842+0000 INFO  [o.n.k.i.f.CommunityFacadeFactory] Database is now ready
2016-11-10 03:32:11.844+0000 INFO  [o.n.k.i.DiagnosticsManager] --- STARTED diagnostics for KernelDiagnostics:Versions START ---
2016-11-10 03:32:11.844+0000 INFO  [o.n.k.i.DiagnosticsManager] Graph Database: community single StoreId{creationTime=1477348261780, randomId=-590906706095243759, storeVersion=15531981201765894, upgradeTime=1477348261780, upgradeId=1}
2016-11-10 03:32:11.844+0000 INFO  [o.n.k.i.DiagnosticsManager] Kernel version: 3.0.6,66df41d1018f54ccd67d7d384e87abae0468bcdb
2016-11-10 03:32:11.844+0000 INFO  [o.n.k.i.DiagnosticsManager] --- STARTED diagnostics for KernelDiagnostics:Versions END ---
2016-11-10 03:32:11.847+0000 INFO  [o.n.k.i.DiagnosticsManager] --- STARTED diagnostics for NEO_STORE_VERSIONS START ---
2016-11-10 03:32:11.847+0000 INFO  [o.n.k.i.DiagnosticsManager] Store versions:
2016-11-10 03:32:11.847+0000 INFO  [o.n.k.i.DiagnosticsManager] Store versions:
2016-11-10 03:32:11.847+0000 INFO  [o.n.k.i.DiagnosticsManager]   ArrayPropertyStore v0.A.7
2016-11-10 03:32:11.847+0000 INFO  [o.n.k.i.DiagnosticsManager]   NodeStore v0.A.7
2016-11-10 03:32:11.848+0000 INFO  [o.n.k.i.DiagnosticsManager]   StringPropertyStore v0.A.7
2016-11-10 03:32:11.848+0000 INFO  [o.n.k.i.DiagnosticsManager]   PropertyIndexStore v0.A.7
2016-11-10 03:32:11.848+0000 INFO  [o.n.k.i.DiagnosticsManager]   StringPropertyStore v0.A.7
2016-11-10 03:32:11.848+0000 INFO  [o.n.k.i.DiagnosticsManager]   ArrayPropertyStore v0.A.7
2016-11-10 03:32:11.848+0000 INFO  [o.n.k.i.DiagnosticsManager]   PropertyStore v0.A.7
2016-11-10 03:32:11.848+0000 INFO  [o.n.k.i.DiagnosticsManager]   RelationshipStore v0.A.7
2016-11-10 03:32:11.848+0000 INFO  [o.n.k.i.DiagnosticsManager]   StringPropertyStore v0.A.7
2016-11-10 03:32:11.848+0000 INFO  [o.n.k.i.DiagnosticsManager]   RelationshipTypeStore v0.A.7
2016-11-10 03:32:11.848+0000 INFO  [o.n.k.i.DiagnosticsManager]   StringPropertyStore v0.A.7
2016-11-10 03:32:11.848+0000 INFO  [o.n.k.i.DiagnosticsManager]   LabelTokenStore v0.A.7
2016-11-10 03:32:11.849+0000 INFO  [o.n.k.i.DiagnosticsManager]   SchemaStore v0.A.7
2016-11-10 03:32:11.849+0000 INFO  [o.n.k.i.DiagnosticsManager]   RelationshipGroupStore v0.A.7
2016-11-10 03:32:11.849+0000 INFO  [o.n.k.i.DiagnosticsManager]   NeoStore v0.A.7
2016-11-10 03:32:11.849+0000 INFO  [o.n.k.i.DiagnosticsManager] --- STARTED diagnostics for NEO_STORE_VERSIONS END ---
2016-11-10 03:32:11.849+0000 INFO  [o.n.k.i.DiagnosticsManager] --- STARTED diagnostics for NEO_STORE_ID_USAGE START ---
2016-11-10 03:32:11.849+0000 INFO  [o.n.k.i.DiagnosticsManager] Id usage:
2016-11-10 03:32:11.849+0000 INFO  [o.n.k.i.DiagnosticsManager] Id usage:
2016-11-10 03:32:11.850+0000 INFO  [o.n.k.i.DiagnosticsManager]   ArrayPropertyStore: used=1 high=0
2016-11-10 03:32:11.850+0000 INFO  [o.n.k.i.DiagnosticsManager]   NodeStore: used=0 high=-1
2016-11-10 03:32:11.850+0000 INFO  [o.n.k.i.DiagnosticsManager]   StringPropertyStore: used=1 high=0
2016-11-10 03:32:11.850+0000 INFO  [o.n.k.i.DiagnosticsManager]   PropertyIndexStore: used=0 high=-1
2016-11-10 03:32:11.850+0000 INFO  [o.n.k.i.DiagnosticsManager]   StringPropertyStore: used=1 high=0
2016-11-10 03:32:11.850+0000 INFO  [o.n.k.i.DiagnosticsManager]   ArrayPropertyStore: used=1 high=0
2016-11-10 03:32:11.850+0000 INFO  [o.n.k.i.DiagnosticsManager]   PropertyStore: used=0 high=-1
2016-11-10 03:32:11.851+0000 INFO  [o.n.k.i.DiagnosticsManager]   RelationshipStore: used=0 high=-1
2016-11-10 03:32:11.851+0000 INFO  [o.n.k.i.DiagnosticsManager]   StringPropertyStore: used=1 high=0
2016-11-10 03:32:11.851+0000 INFO  [o.n.k.i.DiagnosticsManager]   RelationshipTypeStore: used=0 high=-1
2016-11-10 03:32:11.851+0000 INFO  [o.n.k.i.DiagnosticsManager]   StringPropertyStore: used=1 high=0
2016-11-10 03:32:11.851+0000 INFO  [o.n.k.i.DiagnosticsManager]   LabelTokenStore: used=0 high=-1
2016-11-10 03:32:11.851+0000 INFO  [o.n.k.i.DiagnosticsManager]   SchemaStore: used=1 high=0
2016-11-10 03:32:11.851+0000 INFO  [o.n.k.i.DiagnosticsManager]   RelationshipGroupStore: used=1 high=0
2016-11-10 03:32:11.852+0000 INFO  [o.n.k.i.DiagnosticsManager]   NeoStore: used=15 high=14
2016-11-10 03:32:11.852+0000 INFO  [o.n.k.i.DiagnosticsManager] --- STARTED diagnostics for NEO_STORE_ID_USAGE END ---
2016-11-10 03:32:11.852+0000 INFO  [o.n.k.i.DiagnosticsManager] --- STARTED diagnostics for NEO_STORE_RECORDS START ---
2016-11-10 03:32:11.852+0000 INFO  [o.n.k.i.DiagnosticsManager] Neostore records:
2016-11-10 03:32:11.853+0000 INFO  [o.n.k.i.DiagnosticsManager] TIME (Creation time): 1477348261780
2016-11-10 03:32:11.853+0000 INFO  [o.n.k.i.DiagnosticsManager] RANDOM_NUMBER (Random number for store id): -590906706095243759
2016-11-10 03:32:11.854+0000 INFO  [o.n.k.i.DiagnosticsManager] LOG_VERSION (Current log version): 0
2016-11-10 03:32:11.854+0000 INFO  [o.n.k.i.DiagnosticsManager] LAST_TRANSACTION_ID (Last committed transaction): 1
2016-11-10 03:32:11.854+0000 INFO  [o.n.k.i.DiagnosticsManager] STORE_VERSION (Store format version): 15531981201765894
2016-11-10 03:32:11.854+0000 INFO  [o.n.k.i.DiagnosticsManager] FIRST_GRAPH_PROPERTY (First property record containing graph properties): -1
2016-11-10 03:32:11.854+0000 INFO  [o.n.k.i.DiagnosticsManager] LAST_CONSTRAINT_TRANSACTION (Last committed transaction containing constraint changes): 0
2016-11-10 03:32:11.854+0000 INFO  [o.n.k.i.DiagnosticsManager] UPGRADE_TRANSACTION_ID (Transaction id most recent upgrade was performed at): 1
2016-11-10 03:32:11.854+0000 INFO  [o.n.k.i.DiagnosticsManager] UPGRADE_TIME (Time of last upgrade): 1477348261780
2016-11-10 03:32:11.854+0000 INFO  [o.n.k.i.DiagnosticsManager] LAST_TRANSACTION_CHECKSUM (Checksum of last committed transaction): 0
2016-11-10 03:32:11.854+0000 INFO  [o.n.k.i.DiagnosticsManager] UPGRADE_TRANSACTION_CHECKSUM (Checksum of transaction id the most recent upgrade was performed at): 0
2016-11-10 03:32:11.854+0000 INFO  [o.n.k.i.DiagnosticsManager] LAST_CLOSED_TRANSACTION_LOG_VERSION (Log version where the last transaction commit entry has been written into): 0
2016-11-10 03:32:11.855+0000 INFO  [o.n.k.i.DiagnosticsManager] LAST_CLOSED_TRANSACTION_LOG_BYTE_OFFSET (Byte offset in the log file where the last transaction commit entry has been written into): 16
2016-11-10 03:32:11.855+0000 INFO  [o.n.k.i.DiagnosticsManager] LAST_TRANSACTION_COMMIT_TIMESTAMP (Commit time timestamp for last committed transaction): 0
2016-11-10 03:32:11.855+0000 INFO  [o.n.k.i.DiagnosticsManager] UPGRADE_TRANSACTION_COMMIT_TIMESTAMP (Commit timestamp of transaction the most recent upgrade was performed at): 0
2016-11-10 03:32:11.855+0000 INFO  [o.n.k.i.DiagnosticsManager] --- STARTED diagnostics for NEO_STORE_RECORDS END ---
2016-11-10 03:32:11.856+0000 INFO  [o.n.k.i.DiagnosticsManager] --- STARTED diagnostics for TRANSACTION_RANGE START ---
2016-11-10 03:32:11.856+0000 INFO  [o.n.k.i.DiagnosticsManager] Transaction log:
2016-11-10 03:32:11.857+0000 INFO  [o.n.k.i.DiagnosticsManager] Oldest transaction 2 found in log with version 0
2016-11-10 03:32:11.858+0000 INFO  [o.n.k.i.DiagnosticsManager] --- STARTED diagnostics for TRANSACTION_RANGE END ---
2016-11-10 03:32:11.858+0000 INFO  [o.n.k.i.DiagnosticsManager] --- STARTED diagnostics for KernelDiagnostics:StoreFiles START ---
2016-11-10 03:32:11.858+0000 INFO  [o.n.k.i.DiagnosticsManager] Disk space on partition (Total / Free / Free %): 23509569536 / 7046647808 / 29
Storage files: (filename : modification date - size)
2016-11-10 03:32:11.859+0000 INFO  [o.n.k.i.DiagnosticsManager]   index:
2016-11-10 03:32:11.860+0000 INFO  [o.n.k.i.DiagnosticsManager]   - Total: 2016-10-25T05:31:01+0700 - 0.00 B
2016-11-10 03:32:11.860+0000 INFO  [o.n.k.i.DiagnosticsManager]   neostore: 2016-10-25T05:31:01+0700 - 8.00 kB
2016-11-10 03:32:11.860+0000 INFO  [o.n.k.i.DiagnosticsManager]   neostore.counts.db.a: 2016-10-25T05:31:02+0700 - 96.00 B
2016-11-10 03:32:11.861+0000 INFO  [o.n.k.i.DiagnosticsManager]   neostore.id: 2016-11-10T10:32:09+0700 - 9.00 B
2016-11-10 03:32:11.861+0000 INFO  [o.n.k.i.DiagnosticsManager]   neostore.labeltokenstore.db: 2016-10-25T05:31:01+0700 - 0.00 B
2016-11-10 03:32:11.861+0000 INFO  [o.n.k.i.DiagnosticsManager]   neostore.labeltokenstore.db.id: 2016-11-10T10:32:09+0700 - 9.00 B
2016-11-10 03:32:11.861+0000 INFO  [o.n.k.i.DiagnosticsManager]   neostore.labeltokenstore.db.names: 2016-10-25T05:31:01+0700 - 8.00 kB
2016-11-10 03:32:11.862+0000 INFO  [o.n.k.i.DiagnosticsManager]   neostore.labeltokenstore.db.names.id: 2016-11-10T10:32:09+0700 - 9.00 B
2016-11-10 03:32:11.862+0000 INFO  [o.n.k.i.DiagnosticsManager]   neostore.nodestore.db: 2016-10-25T05:31:00+0700 - 0.00 B
2016-11-10 03:32:11.863+0000 INFO  [o.n.k.i.DiagnosticsManager]   neostore.nodestore.db.id: 2016-11-10T10:32:09+0700 - 9.00 B
2016-11-10 03:32:11.863+0000 INFO  [o.n.k.i.DiagnosticsManager]   neostore.nodestore.db.labels: 2016-10-25T05:31:00+0700 - 8.00 kB
2016-11-10 03:32:11.863+0000 INFO  [o.n.k.i.DiagnosticsManager]   neostore.nodestore.db.labels.id: 2016-11-10T10:32:09+0700 - 9.00 B
2016-11-10 03:32:11.863+0000 INFO  [o.n.k.i.DiagnosticsManager]   neostore.propertystore.db: 2016-10-25T05:31:00+0700 - 0.00 B
2016-11-10 03:32:11.863+0000 INFO  [o.n.k.i.DiagnosticsManager]   neostore.propertystore.db.arrays: 2016-10-25T05:31:00+0700 - 8.00 kB
2016-11-10 03:32:11.864+0000 INFO  [o.n.k.i.DiagnosticsManager]   neostore.propertystore.db.arrays.id: 2016-11-10T10:32:09+0700 - 9.00 B
2016-11-10 03:32:11.864+0000 INFO  [o.n.k.i.DiagnosticsManager]   neostore.propertystore.db.id: 2016-11-10T10:32:09+0700 - 9.00 B
2016-11-10 03:32:11.864+0000 INFO  [o.n.k.i.DiagnosticsManager]   neostore.propertystore.db.index: 2016-10-25T05:31:00+0700 - 0.00 B
2016-11-10 03:32:11.864+0000 INFO  [o.n.k.i.DiagnosticsManager]   neostore.propertystore.db.index.id: 2016-11-10T10:32:09+0700 - 9.00 B
2016-11-10 03:32:11.865+0000 INFO  [o.n.k.i.DiagnosticsManager]   neostore.propertystore.db.index.keys: 2016-10-25T05:31:00+0700 - 8.00 kB
2016-11-10 03:32:11.865+0000 INFO  [o.n.k.i.DiagnosticsManager]   neostore.propertystore.db.index.keys.id: 2016-11-10T10:32:09+0700 - 9.00 B
2016-11-10 03:32:11.865+0000 INFO  [o.n.k.i.DiagnosticsManager]   neostore.propertystore.db.strings: 2016-10-25T05:31:00+0700 - 8.00 kB
2016-11-10 03:32:11.865+0000 INFO  [o.n.k.i.DiagnosticsManager]   neostore.propertystore.db.strings.id: 2016-11-10T10:32:09+0700 - 9.00 B
2016-11-10 03:32:11.865+0000 INFO  [o.n.k.i.DiagnosticsManager]   neostore.relationshipgroupstore.db: 2016-10-25T05:31:01+0700 - 8.00 kB
2016-11-10 03:32:11.866+0000 INFO  [o.n.k.i.DiagnosticsManager]   neostore.relationshipgroupstore.db.id: 2016-11-10T10:32:09+0700 - 9.00 B
2016-11-10 03:32:11.866+0000 INFO  [o.n.k.i.DiagnosticsManager]   neostore.relationshipstore.db: 2016-10-25T05:31:01+0700 - 0.00 B
2016-11-10 03:32:11.866+0000 INFO  [o.n.k.i.DiagnosticsManager]   neostore.relationshipstore.db.id: 2016-11-10T10:32:09+0700 - 9.00 B
2016-11-10 03:32:11.866+0000 INFO  [o.n.k.i.DiagnosticsManager]   neostore.relationshiptypestore.db: 2016-10-25T05:31:01+0700 - 0.00 B
2016-11-10 03:32:11.866+0000 INFO  [o.n.k.i.DiagnosticsManager]   neostore.relationshiptypestore.db.id: 2016-11-10T10:32:09+0700 - 9.00 B
2016-11-10 03:32:11.866+0000 INFO  [o.n.k.i.DiagnosticsManager]   neostore.relationshiptypestore.db.names: 2016-10-25T05:31:01+0700 - 8.00 kB
2016-11-10 03:32:11.867+0000 INFO  [o.n.k.i.DiagnosticsManager]   neostore.relationshiptypestore.db.names.id: 2016-11-10T10:32:09+0700 - 9.00 B
2016-11-10 03:32:11.867+0000 INFO  [o.n.k.i.DiagnosticsManager]   neostore.schemastore.db: 2016-10-25T05:31:01+0700 - 8.00 kB
2016-11-10 03:32:11.867+0000 INFO  [o.n.k.i.DiagnosticsManager]   neostore.schemastore.db.id: 2016-11-10T10:32:09+0700 - 9.00 B
2016-11-10 03:32:11.867+0000 INFO  [o.n.k.i.DiagnosticsManager]   neostore.transaction.db.0: 2016-10-25T17:57:50+0700 - 34.00 B
2016-11-10 03:32:11.867+0000 INFO  [o.n.k.i.DiagnosticsManager]   schema:
2016-11-10 03:32:11.867+0000 INFO  [o.n.k.i.DiagnosticsManager]     label:
2016-11-10 03:32:11.868+0000 INFO  [o.n.k.i.DiagnosticsManager]       lucene:
2016-11-10 03:32:11.868+0000 INFO  [o.n.k.i.DiagnosticsManager]         labelStore:
2016-11-10 03:32:11.868+0000 INFO  [o.n.k.i.DiagnosticsManager]           1:
2016-11-10 03:32:11.868+0000 INFO  [o.n.k.i.DiagnosticsManager]             segments_1: 2016-10-25T17:57:49+0700 - 71.00 B
2016-11-10 03:32:11.868+0000 INFO  [o.n.k.i.DiagnosticsManager]             write.lock: 2016-10-25T05:31:02+0700 - 0.00 B
2016-11-10 03:32:11.869+0000 INFO  [o.n.k.i.DiagnosticsManager]           - Total: 2016-10-25T17:57:49+0700 - 71.00 B
2016-11-10 03:32:11.869+0000 INFO  [o.n.k.i.DiagnosticsManager]           failure-message: 2016-10-25T05:31:01+0700 - 16.00 kB
2016-11-10 03:32:11.869+0000 INFO  [o.n.k.i.DiagnosticsManager]         - Total: 2016-10-25T05:31:01+0700 - 16.07 kB
2016-11-10 03:32:11.871+0000 INFO  [o.n.k.i.DiagnosticsManager]       - Total: 2016-10-25T05:31:01+0700 - 16.07 kB
2016-11-10 03:32:11.872+0000 INFO  [o.n.k.i.DiagnosticsManager]     - Total: 2016-10-25T05:31:01+0700 - 16.07 kB
2016-11-10 03:32:11.872+0000 INFO  [o.n.k.i.DiagnosticsManager]   - Total: 2016-10-25T05:31:01+0700 - 16.07 kB
2016-11-10 03:32:11.872+0000 INFO  [o.n.k.i.DiagnosticsManager]   store_lock: 2016-10-25T05:31:00+0700 - 0.00 B
2016-11-10 03:32:11.873+0000 INFO  [o.n.k.i.DiagnosticsManager] --- STARTED diagnostics for KernelDiagnostics:StoreFiles END ---
2016-11-10 03:32:15.483+0000 INFO  [o.n.k.i.DiagnosticsManager] --- SERVER STARTED START ---
2016-11-10 03:32:17.184+0000 INFO  [o.n.k.i.DiagnosticsManager] --- SERVER STARTED END ---
2016-11-10 04:07:41.330+0000 WARN  [o.n.k.i.c.MonitorGc] GC Monitor: Application threads blocked for 14060ms.
2016-11-10 04:31:24.331+0000 WARN  [o.n.k.i.c.MonitorGc] GC Monitor: Application threads blocked for 2390ms.
2016-11-10 06:40:20.024+0000 WARN  [o.n.k.i.c.MonitorGc] GC Monitor: Application threads blocked for 229ms.
2016-11-10 07:00:20.256+0000 WARN  [o.n.k.i.c.MonitorGc] GC Monitor: Application threads blocked for 505ms.
2016-11-10 11:50:05.665+0000 WARN  [o.n.k.i.c.MonitorGc] GC Monitor: Application threads blocked for 4778ms.
2016-11-10 12:35:20.801+0000 WARN  [o.n.k.i.c.MonitorGc] GC Monitor: Application threads blocked for 513ms.
2016-11-10 13:15:20.491+0000 WARN  [o.n.k.i.c.MonitorGc] GC Monitor: Application threads blocked for 255ms.
2016-11-10 15:25:22.144+0000 WARN  [o.n.k.i.c.MonitorGc] GC Monitor: Application threads blocked for 210ms.
2016-11-10 15:35:22.841+0000 WARN  [o.n.k.i.c.MonitorGc] GC Monitor: Application threads blocked for 622ms.
2016-11-10 15:35:32.437+0000 WARN  [o.n.k.i.c.MonitorGc] GC Monitor: Application threads blocked for 7514ms.
2016-11-10 17:05:23.639+0000 WARN  [o.n.k.i.c.MonitorGc] GC Monitor: Application threads blocked for 580ms.
2016-11-10 18:35:22.239+0000 WARN  [o.n.k.i.c.MonitorGc] GC Monitor: Application threads blocked for 291ms.
2016-11-10 23:15:22.174+0000 WARN  [o.n.k.i.c.MonitorGc] GC Monitor: Application threads blocked for 275ms.
2016-11-11 00:50:24.539+0000 WARN  [o.n.k.i.c.MonitorGc] GC Monitor: Application threads blocked for 1928ms.
2016-11-11 02:22:16.146+0000 WARN  [o.n.k.i.c.MonitorGc] GC Monitor: Application threads blocked for 5046ms.
2016-11-11 02:22:32.308+0000 WARN  [o.n.k.i.c.MonitorGc] GC Monitor: Application threads blocked for 13576ms.
2016-11-11 03:52:33.536+0000 WARN  [o.n.k.i.c.MonitorGc] GC Monitor: Application threads blocked for 658ms.
2016-11-11 05:20:29.882+0000 WARN  [o.n.k.i.c.MonitorGc] GC Monitor: Application threads blocked for 4585ms.
2016-11-11 06:50:30.782+0000 WARN  [o.n.k.i.c.MonitorGc] GC Monitor: Application threads blocked for 300ms.
2016-11-11 07:50:24.657+0000 WARN  [o.n.k.i.c.MonitorGc] GC Monitor: Application threads blocked for 216ms.
2016-11-11 10:00:26.501+0000 WARN  [o.n.k.i.c.MonitorGc] GC Monitor: Application threads blocked for 1705ms.
2016-11-11 10:00:38.818+0000 WARN  [o.n.k.i.c.MonitorGc] GC Monitor: Application threads blocked for 10058ms.
2016-11-11 11:20:24.776+0000 WARN  [o.n.k.i.c.MonitorGc] GC Monitor: Application threads blocked for 217ms.
2016-11-11 11:35:25.026+0000 WARN  [o.n.k.i.c.MonitorGc] GC Monitor: Application threads blocked for 528ms.
2016-11-11 13:05:26.486+0000 WARN  [o.n.k.i.c.MonitorGc] GC Monitor: Application threads blocked for 1685ms.
2016-11-11 15:48:30.521+0000 INFO  [o.n.k.i.f.CommunityFacadeFactory] Shutdown started
2016-11-11 15:48:30.599+0000 INFO  [o.n.k.i.f.CommunityFacadeFactory] Database is now unavailable
2016-11-11 15:48:38.708+0000 INFO  [o.n.k.i.t.l.c.CheckPointerImpl] Check Pointing triggered by database shutdown [1]:  Starting check pointing...
2016-11-11 15:48:38.709+0000 INFO  [o.n.k.i.t.l.c.CheckPointerImpl] Check Pointing triggered by database shutdown [1]:  Starting store flush...
2016-11-11 15:48:39.513+0000 INFO  [o.n.k.i.t.l.c.CheckPointerImpl] Check Pointing triggered by database shutdown [1]:  Store flush completed
2016-11-11 15:48:39.514+0000 INFO  [o.n.k.i.t.l.c.CheckPointerImpl] Check Pointing triggered by database shutdown [1]:  Starting appending check point entry into the tx log...
2016-11-11 15:48:39.850+0000 INFO  [o.n.k.i.t.l.c.CheckPointerImpl] Check Pointing triggered by database shutdown [1]:  Appending check point entry into the tx log completed
2016-11-11 15:48:39.850+0000 INFO  [o.n.k.i.t.l.c.CheckPointerImpl] Check Pointing triggered by database shutdown [1]:  Check pointing completed
2016-11-11 15:48:39.851+0000 INFO  [o.n.k.i.t.l.p.LogPruningImpl] Log Rotation [0]:  Starting log pruning.
2016-11-11 15:48:39.851+0000 INFO  [o.n.k.i.t.l.p.LogPruningImpl] Log Rotation [0]:  Log pruning complete.
2016-11-11 15:48:41.322+0000 INFO  [o.n.k.i.DiagnosticsManager] --- STOPPING diagnostics START ---
2016-11-11 15:48:41.322+0000 INFO  [o.n.k.i.DiagnosticsManager] --- STOPPING diagnostics END ---
